2024-09-29 04:24:53.877 [info] [main] Log level: Info
2024-09-29 04:24:53.877 [info] [main] Validating found git in: "git"
2024-09-29 04:24:53.877 [info] [main] Using git "2.17.1" from "git"
2024-09-29 04:24:53.877 [info] [Model][doInitialScan] Initial repository scan started
2024-09-29 04:24:53.877 [info] > git rev-parse --show-toplevel [45ms]
2024-09-29 04:24:53.879 [info] > git rev-parse --show-toplevel [2ms]
2024-09-29 04:24:53.884 [info] > git rev-parse --show-toplevel [2ms]
2024-09-29 04:24:53.889 [info] > git rev-parse --show-toplevel [2ms]
2024-09-29 04:24:53.960 [info] > git rev-parse --show-toplevel [68ms]
2024-09-29 04:24:53.966 [info] > git rev-parse --show-toplevel [2ms]
2024-09-29 04:24:53.971 [info] > git rev-parse --show-toplevel [2ms]
2024-09-29 04:24:53.975 [info] > git rev-parse --show-toplevel [1ms]
2024-09-29 04:24:53.981 [info] > git rev-parse --show-toplevel [2ms]
2024-09-29 04:24:53.985 [info] > git rev-parse --show-toplevel [2ms]
2024-09-29 04:24:53.990 [info] > git rev-parse --show-toplevel [2ms]
2024-09-29 04:24:53.995 [info] > git rev-parse --show-toplevel [2ms]
2024-09-29 04:24:54.001 [info] [Model][doInitialScan] Initial repository scan completed - repositories (0), closed repositories (0), parent repositories (1), unsafe repositories (0)
2024-09-29 04:25:11.040 [info] > git rev-parse --show-toplevel [2ms]
2024-09-29 04:25:11.044 [info] > git rev-parse --git-dir --git-common-dir [1ms]
2024-09-29 04:25:11.054 [info] [Model][openRepository] Opened repository: /home/user
2024-09-29 04:25:11.065 [info] > git config --get commit.template [6ms]
2024-09-29 04:25:11.085 [info] > git for-each-ref --format=%(refname)%00%(upstream:short)%00%(objectname)%00%(upstream:track)%00%(upstream:remotename)%00%(upstream:remoteref) refs/heads/master refs/remotes/master [22ms]
2024-09-29 04:25:11.371 [info] > git status -z -uall [281ms]
2024-09-29 04:25:11.391 [info] > git for-each-ref --format=%(refname)%00%(upstream:short)%00%(objectname)%00%(upstream:track)%00%(upstream:remotename)%00%(upstream:remoteref) refs/heads/master refs/remotes/master [14ms]
2024-09-29 04:25:11.398 [info] > git config --get commit.template [7ms]
2024-09-29 04:25:11.398 [info] > git config --local branch.master.vscode-merge-base [3ms]
2024-09-29 04:25:11.399 [warning] [Git][config] git config failed: Failed to execute git
2024-09-29 04:25:11.412 [info] > git for-each-ref --format=%(refname)%00%(upstream:short)%00%(objectname)%00%(upstream:track)%00%(upstream:remotename)%00%(upstream:remoteref) refs/heads/master refs/remotes/master [3ms]
2024-09-29 04:25:11.419 [info] > git reflog master --grep-reflog=branch: Created from *. [14ms]
2024-09-29 04:25:11.424 [info] > git symbolic-ref --short refs/remotes/origin/HEAD [2ms]
2024-09-29 04:25:11.424 [info] fatal: ref refs/remotes/origin/HEAD is not a symbolic ref
2024-09-29 04:25:11.440 [info] > git merge-base refs/heads/master refs/remotes/origin/master [3ms]
2024-09-29 04:25:11.457 [info] > git rev-list --count --left-right refs/heads/master...refs/remotes/origin/master [10ms]
2024-09-29 04:25:11.462 [info] > git show --textconv :pintos/src/threads/thread.c [9ms]
2024-09-29 04:25:11.462 [info] > git ls-files --stage -- /home/user/pintos/src/threads/thread.c [6ms]
2024-09-29 04:25:11.526 [info] > git status -z -uall [108ms]
2024-09-29 04:25:11.526 [info] > git diff --name-status -z --diff-filter=ADMR 13ed3d648e552d030ef4876466cdf6df3eef2ce0...refs/remotes/origin/master [65ms]
2024-09-29 04:25:11.572 [info] > git cat-file -s 87f22b80607b4faba8ae2b1e9f93dc5d6659d8cc [108ms]
2024-09-29 04:25:11.573 [info] > git for-each-ref --format=%(refname)%00%(upstream:short)%00%(objectname)%00%(upstream:track)%00%(upstream:remotename)%00%(upstream:remoteref) refs/heads/master refs/remotes/master [3ms]
2024-09-29 04:25:11.579 [info] > git config --local branch.master.vscode-merge-base [2ms]
2024-09-29 04:25:11.579 [warning] [Git][config] git config failed: Failed to execute git
2024-09-29 04:25:11.587 [info] > git reflog master --grep-reflog=branch: Created from *. [6ms]
2024-09-29 04:25:11.596 [info] > git symbolic-ref --short refs/remotes/origin/HEAD [5ms]
2024-09-29 04:25:11.596 [info] fatal: ref refs/remotes/origin/HEAD is not a symbolic ref
2024-09-29 04:25:11.689 [info] > git check-ignore -v -z --stdin [10ms]
2024-09-29 04:25:12.978 [info] > git config --get commit.template [6ms]
2024-09-29 04:25:12.979 [info] > git for-each-ref --format=%(refname)%00%(upstream:short)%00%(objectname)%00%(upstream:track)%00%(upstream:remotename)%00%(upstream:remoteref) refs/heads/master refs/remotes/master [2ms]
2024-09-29 04:25:13.019 [info] > git status -z -uall [36ms]
2024-09-29 04:25:13.024 [info] > git for-each-ref --format=%(refname)%00%(upstream:short)%00%(objectname)%00%(upstream:track)%00%(upstream:remotename)%00%(upstream:remoteref) refs/heads/master refs/remotes/master [1ms]
2024-09-29 04:25:13.029 [info] > git config --local branch.master.vscode-merge-base [2ms]
2024-09-29 04:25:13.029 [warning] [Git][config] git config failed: Failed to execute git
2024-09-29 04:25:13.034 [info] > git reflog master --grep-reflog=branch: Created from *. [2ms]
2024-09-29 04:25:13.039 [info] > git symbolic-ref --short refs/remotes/origin/HEAD [2ms]
2024-09-29 04:25:13.039 [info] fatal: ref refs/remotes/origin/HEAD is not a symbolic ref
2024-09-29 04:25:18.034 [info] > git config --get commit.template [4ms]
2024-09-29 04:25:18.034 [info] > git for-each-ref --format=%(refname)%00%(upstream:short)%00%(objectname)%00%(upstream:track)%00%(upstream:remotename)%00%(upstream:remoteref) refs/heads/master refs/remotes/master [2ms]
2024-09-29 04:25:18.070 [info] > git status -z -uall [33ms]
2024-09-29 04:25:18.075 [info] > git for-each-ref --format=%(refname)%00%(upstream:short)%00%(objectname)%00%(upstream:track)%00%(upstream:remotename)%00%(upstream:remoteref) refs/heads/master refs/remotes/master [2ms]
2024-09-29 04:25:18.083 [info] > git config --local branch.master.vscode-merge-base [5ms]
2024-09-29 04:25:18.083 [warning] [Git][config] git config failed: Failed to execute git
2024-09-29 04:25:18.088 [info] > git reflog master --grep-reflog=branch: Created from *. [2ms]
2024-09-29 04:25:18.092 [info] > git symbolic-ref --short refs/remotes/origin/HEAD [2ms]
2024-09-29 04:25:18.092 [info] fatal: ref refs/remotes/origin/HEAD is not a symbolic ref
2024-09-29 04:25:23.091 [info] > git config --get commit.template [8ms]
2024-09-29 04:25:23.093 [info] > git for-each-ref --format=%(refname)%00%(upstream:short)%00%(objectname)%00%(upstream:track)%00%(upstream:remotename)%00%(upstream:remoteref) refs/heads/master refs/remotes/master [4ms]
2024-09-29 04:25:23.150 [info] > git status -z -uall [53ms]
2024-09-29 04:25:23.155 [info] > git for-each-ref --format=%(refname)%00%(upstream:short)%00%(objectname)%00%(upstream:track)%00%(upstream:remotename)%00%(upstream:remoteref) refs/heads/master refs/remotes/master [2ms]
2024-09-29 04:25:23.159 [info] > git config --local branch.master.vscode-merge-base [2ms]
2024-09-29 04:25:23.159 [warning] [Git][config] git config failed: Failed to execute git
2024-09-29 04:25:23.164 [info] > git reflog master --grep-reflog=branch: Created from *. [3ms]
2024-09-29 04:25:23.167 [info] > git symbolic-ref --short refs/remotes/origin/HEAD [1ms]
2024-09-29 04:25:23.167 [info] fatal: ref refs/remotes/origin/HEAD is not a symbolic ref
2024-09-29 04:25:28.170 [info] > git config --get commit.template [4ms]
2024-09-29 04:25:28.175 [info] > git for-each-ref --format=%(refname)%00%(upstream:short)%00%(objectname)%00%(upstream:track)%00%(upstream:remotename)%00%(upstream:remoteref) refs/heads/master refs/remotes/master [3ms]
2024-09-29 04:25:28.217 [info] > git status -z -uall [39ms]
2024-09-29 04:25:28.223 [info] > git for-each-ref --format=%(refname)%00%(upstream:short)%00%(objectname)%00%(upstream:track)%00%(upstream:remotename)%00%(upstream:remoteref) refs/heads/master refs/remotes/master [3ms]
2024-09-29 04:25:28.229 [info] > git config --local branch.master.vscode-merge-base [3ms]
2024-09-29 04:25:28.230 [warning] [Git][config] git config failed: Failed to execute git
2024-09-29 04:25:28.235 [info] > git reflog master --grep-reflog=branch: Created from *. [2ms]
2024-09-29 04:25:28.240 [info] > git symbolic-ref --short refs/remotes/origin/HEAD [2ms]
2024-09-29 04:25:28.240 [info] fatal: ref refs/remotes/origin/HEAD is not a symbolic ref
2024-09-29 04:25:33.239 [info] > git config --get commit.template [5ms]
2024-09-29 04:25:33.242 [info] > git for-each-ref --format=%(refname)%00%(upstream:short)%00%(objectname)%00%(upstream:track)%00%(upstream:remotename)%00%(upstream:remoteref) refs/heads/master refs/remotes/master [3ms]
2024-09-29 04:25:33.278 [info] > git status -z -uall [33ms]
2024-09-29 04:25:33.283 [info] > git for-each-ref --format=%(refname)%00%(upstream:short)%00%(objectname)%00%(upstream:track)%00%(upstream:remotename)%00%(upstream:remoteref) refs/heads/master refs/remotes/master [3ms]
2024-09-29 04:25:33.289 [info] > git config --local branch.master.vscode-merge-base [3ms]
2024-09-29 04:25:33.289 [warning] [Git][config] git config failed: Failed to execute git
2024-09-29 04:25:33.294 [info] > git reflog master --grep-reflog=branch: Created from *. [3ms]
2024-09-29 04:25:33.299 [info] > git symbolic-ref --short refs/remotes/origin/HEAD [2ms]
2024-09-29 04:25:33.299 [info] fatal: ref refs/remotes/origin/HEAD is not a symbolic ref
2024-09-29 04:25:41.067 [info] > git config --get commit.template [6ms]
2024-09-29 04:25:41.068 [info] > git for-each-ref --format=%(refname)%00%(upstream:short)%00%(objectname)%00%(upstream:track)%00%(upstream:remotename)%00%(upstream:remoteref) refs/heads/master refs/remotes/master [4ms]
2024-09-29 04:25:41.106 [info] > git status -z -uall [34ms]
2024-09-29 04:25:41.113 [info] > git for-each-ref --format=%(refname)%00%(upstream:short)%00%(objectname)%00%(upstream:track)%00%(upstream:remotename)%00%(upstream:remoteref) refs/heads/master refs/remotes/master [3ms]
2024-09-29 04:25:41.118 [info] > git config --local branch.master.vscode-merge-base [2ms]
2024-09-29 04:25:41.119 [warning] [Git][config] git config failed: Failed to execute git
2024-09-29 04:25:41.123 [info] > git reflog master --grep-reflog=branch: Created from *. [2ms]
2024-09-29 04:25:41.128 [info] > git symbolic-ref --short refs/remotes/origin/HEAD [3ms]
2024-09-29 04:25:41.128 [info] fatal: ref refs/remotes/origin/HEAD is not a symbolic ref
2024-09-29 04:25:46.123 [info] > git config --get commit.template [4ms]
2024-09-29 04:25:46.125 [info] > git for-each-ref --format=%(refname)%00%(upstream:short)%00%(objectname)%00%(upstream:track)%00%(upstream:remotename)%00%(upstream:remoteref) refs/heads/master refs/remotes/master [2ms]
2024-09-29 04:25:46.158 [info] > git status -z -uall [31ms]
2024-09-29 04:25:46.162 [info] > git for-each-ref --format=%(refname)%00%(upstream:short)%00%(objectname)%00%(upstream:track)%00%(upstream:remotename)%00%(upstream:remoteref) refs/heads/master refs/remotes/master [1ms]
2024-09-29 04:25:46.167 [info] > git config --local branch.master.vscode-merge-base [2ms]
2024-09-29 04:25:46.167 [warning] [Git][config] git config failed: Failed to execute git
2024-09-29 04:25:46.173 [info] > git reflog master --grep-reflog=branch: Created from *. [3ms]
2024-09-29 04:25:46.176 [info] > git symbolic-ref --short refs/remotes/origin/HEAD [1ms]
2024-09-29 04:25:46.176 [info] fatal: ref refs/remotes/origin/HEAD is not a symbolic ref
2024-09-29 04:25:57.141 [info] > git config --get commit.template [5ms]
2024-09-29 04:25:57.142 [info] > git for-each-ref --format=%(refname)%00%(upstream:short)%00%(objectname)%00%(upstream:track)%00%(upstream:remotename)%00%(upstream:remoteref) refs/heads/master refs/remotes/master [2ms]
2024-09-29 04:25:57.176 [info] > git status -z -uall [31ms]
2024-09-29 04:25:57.181 [info] > git for-each-ref --format=%(refname)%00%(upstream:short)%00%(objectname)%00%(upstream:track)%00%(upstream:remotename)%00%(upstream:remoteref) refs/heads/master refs/remotes/master [2ms]
2024-09-29 04:25:57.185 [info] > git config --local branch.master.vscode-merge-base [2ms]
2024-09-29 04:25:57.185 [warning] [Git][config] git config failed: Failed to execute git
2024-09-29 04:25:57.189 [info] > git reflog master --grep-reflog=branch: Created from *. [2ms]
2024-09-29 04:25:57.193 [info] > git symbolic-ref --short refs/remotes/origin/HEAD [2ms]
2024-09-29 04:25:57.193 [info] fatal: ref refs/remotes/origin/HEAD is not a symbolic ref
2024-09-29 04:26:02.190 [info] > git config --get commit.template [5ms]
2024-09-29 04:26:02.191 [info] > git for-each-ref --format=%(refname)%00%(upstream:short)%00%(objectname)%00%(upstream:track)%00%(upstream:remotename)%00%(upstream:remoteref) refs/heads/master refs/remotes/master [2ms]
2024-09-29 04:26:02.226 [info] > git status -z -uall [32ms]
2024-09-29 04:26:02.233 [info] > git for-each-ref --format=%(refname)%00%(upstream:short)%00%(objectname)%00%(upstream:track)%00%(upstream:remotename)%00%(upstream:remoteref) refs/heads/master refs/remotes/master [4ms]
2024-09-29 04:26:02.238 [info] > git config --local branch.master.vscode-merge-base [2ms]
2024-09-29 04:26:02.239 [warning] [Git][config] git config failed: Failed to execute git
2024-09-29 04:26:02.245 [info] > git reflog master --grep-reflog=branch: Created from *. [3ms]
2024-09-29 04:26:02.250 [info] > git symbolic-ref --short refs/remotes/origin/HEAD [2ms]
2024-09-29 04:26:02.250 [info] fatal: ref refs/remotes/origin/HEAD is not a symbolic ref
2024-09-29 04:26:07.247 [info] > git config --get commit.template [4ms]
2024-09-29 04:26:07.248 [info] > git for-each-ref --format=%(refname)%00%(upstream:short)%00%(objectname)%00%(upstream:track)%00%(upstream:remotename)%00%(upstream:remoteref) refs/heads/master refs/remotes/master [2ms]
2024-09-29 04:26:07.284 [info] > git status -z -uall [33ms]
2024-09-29 04:26:07.290 [info] > git for-each-ref --format=%(refname)%00%(upstream:short)%00%(objectname)%00%(upstream:track)%00%(upstream:remotename)%00%(upstream:remoteref) refs/heads/master refs/remotes/master [2ms]
2024-09-29 04:26:07.297 [info] > git config --local branch.master.vscode-merge-base [3ms]
2024-09-29 04:26:07.297 [warning] [Git][config] git config failed: Failed to execute git
2024-09-29 04:26:07.302 [info] > git reflog master --grep-reflog=branch: Created from *. [2ms]
2024-09-29 04:26:07.306 [info] > git symbolic-ref --short refs/remotes/origin/HEAD [2ms]
2024-09-29 04:26:07.306 [info] fatal: ref refs/remotes/origin/HEAD is not a symbolic ref
2024-09-29 04:26:09.085 [info] > git show --textconv :pintos/src/threads/interrupt.c [10ms]
2024-09-29 04:26:09.086 [info] > git ls-files --stage -- /home/user/pintos/src/threads/interrupt.c [7ms]
2024-09-29 04:26:09.091 [info] > git cat-file -s e3b90dcb566e3512b8ea1b9e69d2544d64e5933b [2ms]
2024-09-29 04:26:12.297 [info] > git config --get commit.template [2ms]
2024-09-29 04:26:12.302 [info] > git for-each-ref --format=%(refname)%00%(upstream:short)%00%(objectname)%00%(upstream:track)%00%(upstream:remotename)%00%(upstream:remoteref) refs/heads/master refs/remotes/master [2ms]
2024-09-29 04:26:12.336 [info] > git status -z -uall [31ms]
2024-09-29 04:26:12.342 [info] > git for-each-ref --format=%(refname)%00%(upstream:short)%00%(objectname)%00%(upstream:track)%00%(upstream:remotename)%00%(upstream:remoteref) refs/heads/master refs/remotes/master [3ms]
2024-09-29 04:26:12.348 [info] > git config --local branch.master.vscode-merge-base [2ms]
2024-09-29 04:26:12.348 [warning] [Git][config] git config failed: Failed to execute git
2024-09-29 04:26:12.352 [info] > git reflog master --grep-reflog=branch: Created from *. [2ms]
2024-09-29 04:26:12.355 [info] > git symbolic-ref --short refs/remotes/origin/HEAD [2ms]
2024-09-29 04:26:12.355 [info] fatal: ref refs/remotes/origin/HEAD is not a symbolic ref
2024-09-29 04:26:13.679 [info] > git show --textconv :pintos/src/threads/thread.c [6ms]
2024-09-29 04:26:13.682 [info] > git ls-files --stage -- /home/user/pintos/src/threads/thread.c [5ms]
2024-09-29 04:26:13.689 [info] > git cat-file -s 87f22b80607b4faba8ae2b1e9f93dc5d6659d8cc [3ms]
2024-09-29 04:26:17.348 [info] > git config --get commit.template [3ms]
2024-09-29 04:26:17.349 [info] > git for-each-ref --format=%(refname)%00%(upstream:short)%00%(objectname)%00%(upstream:track)%00%(upstream:remotename)%00%(upstream:remoteref) refs/heads/master refs/remotes/master [2ms]
2024-09-29 04:26:17.389 [info] > git status -z -uall [36ms]
2024-09-29 04:26:17.396 [info] > git for-each-ref --format=%(refname)%00%(upstream:short)%00%(objectname)%00%(upstream:track)%00%(upstream:remotename)%00%(upstream:remoteref) refs/heads/master refs/remotes/master [2ms]
2024-09-29 04:26:17.402 [info] > git config --local branch.master.vscode-merge-base [3ms]
2024-09-29 04:26:17.402 [warning] [Git][config] git config failed: Failed to execute git
2024-09-29 04:26:17.407 [info] > git reflog master --grep-reflog=branch: Created from *. [2ms]
2024-09-29 04:26:17.411 [info] > git symbolic-ref --short refs/remotes/origin/HEAD [1ms]
2024-09-29 04:26:17.411 [info] fatal: ref refs/remotes/origin/HEAD is not a symbolic ref
2024-09-29 04:26:22.404 [info] > git config --get commit.template [2ms]
2024-09-29 04:26:22.408 [info] > git for-each-ref --format=%(refname)%00%(upstream:short)%00%(objectname)%00%(upstream:track)%00%(upstream:remotename)%00%(upstream:remoteref) refs/heads/master refs/remotes/master [2ms]
2024-09-29 04:26:22.439 [info] > git status -z -uall [28ms]
2024-09-29 04:26:22.444 [info] > git for-each-ref --format=%(refname)%00%(upstream:short)%00%(objectname)%00%(upstream:track)%00%(upstream:remotename)%00%(upstream:remoteref) refs/heads/master refs/remotes/master [2ms]
2024-09-29 04:26:22.450 [info] > git config --local branch.master.vscode-merge-base [2ms]
2024-09-29 04:26:22.450 [warning] [Git][config] git config failed: Failed to execute git
2024-09-29 04:26:22.456 [info] > git reflog master --grep-reflog=branch: Created from *. [3ms]
2024-09-29 04:26:22.459 [info] > git symbolic-ref --short refs/remotes/origin/HEAD [1ms]
2024-09-29 04:26:22.459 [info] fatal: ref refs/remotes/origin/HEAD is not a symbolic ref
2024-09-29 04:26:27.458 [info] > git config --get commit.template [7ms]
2024-09-29 04:26:27.460 [info] > git for-each-ref --format=%(refname)%00%(upstream:short)%00%(objectname)%00%(upstream:track)%00%(upstream:remotename)%00%(upstream:remoteref) refs/heads/master refs/remotes/master [4ms]
2024-09-29 04:26:27.495 [info] > git status -z -uall [32ms]
2024-09-29 04:26:27.501 [info] > git for-each-ref --format=%(refname)%00%(upstream:short)%00%(objectname)%00%(upstream:track)%00%(upstream:remotename)%00%(upstream:remoteref) refs/heads/master refs/remotes/master [2ms]
2024-09-29 04:26:27.506 [info] > git config --local branch.master.vscode-merge-base [2ms]
2024-09-29 04:26:27.506 [warning] [Git][config] git config failed: Failed to execute git
2024-09-29 04:26:27.512 [info] > git reflog master --grep-reflog=branch: Created from *. [3ms]
2024-09-29 04:26:27.516 [info] > git symbolic-ref --short refs/remotes/origin/HEAD [1ms]
2024-09-29 04:26:27.516 [info] fatal: ref refs/remotes/origin/HEAD is not a symbolic ref
2024-09-29 04:26:32.514 [info] > git config --get commit.template [5ms]
2024-09-29 04:26:32.515 [info] > git for-each-ref --format=%(refname)%00%(upstream:short)%00%(objectname)%00%(upstream:track)%00%(upstream:remotename)%00%(upstream:remoteref) refs/heads/master refs/remotes/master [2ms]
2024-09-29 04:26:32.548 [info] > git status -z -uall [29ms]
2024-09-29 04:26:32.553 [info] > git for-each-ref --format=%(refname)%00%(upstream:short)%00%(objectname)%00%(upstream:track)%00%(upstream:remotename)%00%(upstream:remoteref) refs/heads/master refs/remotes/master [2ms]
2024-09-29 04:26:32.557 [info] > git config --local branch.master.vscode-merge-base [2ms]
2024-09-29 04:26:32.558 [warning] [Git][config] git config failed: Failed to execute git
2024-09-29 04:26:32.563 [info] > git reflog master --grep-reflog=branch: Created from *. [2ms]
2024-09-29 04:26:32.567 [info] > git symbolic-ref --short refs/remotes/origin/HEAD [2ms]
2024-09-29 04:26:32.567 [info] fatal: ref refs/remotes/origin/HEAD is not a symbolic ref
2024-09-29 04:47:28.596 [info] > git config --get commit.template [3ms]
2024-09-29 04:47:28.603 [info] > git for-each-ref --format=%(refname)%00%(upstream:short)%00%(objectname)%00%(upstream:track)%00%(upstream:remotename)%00%(upstream:remoteref) refs/heads/master refs/remotes/master [2ms]
2024-09-29 04:47:28.646 [info] > git status -z -uall [38ms]
2024-09-29 04:47:28.654 [info] > git for-each-ref --format=%(refname)%00%(upstream:short)%00%(objectname)%00%(upstream:track)%00%(upstream:remotename)%00%(upstream:remoteref) refs/heads/master refs/remotes/master [4ms]
2024-09-29 04:47:28.659 [info] > git config --local branch.master.vscode-merge-base [2ms]
2024-09-29 04:47:28.659 [warning] [Git][config] git config failed: Failed to execute git
2024-09-29 04:47:28.669 [info] > git reflog master --grep-reflog=branch: Created from *. [3ms]
2024-09-29 04:47:28.674 [info] > git symbolic-ref --short refs/remotes/origin/HEAD [2ms]
2024-09-29 04:47:28.674 [info] fatal: ref refs/remotes/origin/HEAD is not a symbolic ref
2024-09-29 04:47:33.662 [info] > git config --get commit.template [5ms]
2024-09-29 04:47:33.664 [info] > git for-each-ref --format=%(refname)%00%(upstream:short)%00%(objectname)%00%(upstream:track)%00%(upstream:remotename)%00%(upstream:remoteref) refs/heads/master refs/remotes/master [2ms]
2024-09-29 04:47:33.713 [info] > git status -z -uall [45ms]
2024-09-29 04:47:33.719 [info] > git for-each-ref --format=%(refname)%00%(upstream:short)%00%(objectname)%00%(upstream:track)%00%(upstream:remotename)%00%(upstream:remoteref) refs/heads/master refs/remotes/master [3ms]
2024-09-29 04:47:33.723 [info] > git config --local branch.master.vscode-merge-base [2ms]
2024-09-29 04:47:33.723 [warning] [Git][config] git config failed: Failed to execute git
2024-09-29 04:47:33.729 [info] > git reflog master --grep-reflog=branch: Created from *. [3ms]
2024-09-29 04:47:33.733 [info] > git symbolic-ref --short refs/remotes/origin/HEAD [1ms]
2024-09-29 04:47:33.733 [info] fatal: ref refs/remotes/origin/HEAD is not a symbolic ref
2024-09-29 04:47:38.728 [info] > git config --get commit.template [3ms]
2024-09-29 04:47:38.729 [info] > git for-each-ref --format=%(refname)%00%(upstream:short)%00%(objectname)%00%(upstream:track)%00%(upstream:remotename)%00%(upstream:remoteref) refs/heads/master refs/remotes/master [2ms]
2024-09-29 04:47:38.767 [info] > git status -z -uall [35ms]
2024-09-29 04:47:38.773 [info] > git for-each-ref --format=%(refname)%00%(upstream:short)%00%(objectname)%00%(upstream:track)%00%(upstream:remotename)%00%(upstream:remoteref) refs/heads/master refs/remotes/master [2ms]
2024-09-29 04:47:38.779 [info] > git config --local branch.master.vscode-merge-base [2ms]
2024-09-29 04:47:38.779 [warning] [Git][config] git config failed: Failed to execute git
2024-09-29 04:47:38.783 [info] > git reflog master --grep-reflog=branch: Created from *. [2ms]
2024-09-29 04:47:38.788 [info] > git symbolic-ref --short refs/remotes/origin/HEAD [2ms]
2024-09-29 04:47:38.788 [info] fatal: ref refs/remotes/origin/HEAD is not a symbolic ref
2024-09-29 04:47:43.784 [info] > git config --get commit.template [4ms]
2024-09-29 04:47:43.786 [info] > git for-each-ref --format=%(refname)%00%(upstream:short)%00%(objectname)%00%(upstream:track)%00%(upstream:remotename)%00%(upstream:remoteref) refs/heads/master refs/remotes/master [3ms]
2024-09-29 04:47:43.824 [info] > git status -z -uall [35ms]
2024-09-29 04:47:43.830 [info] > git for-each-ref --format=%(refname)%00%(upstream:short)%00%(objectname)%00%(upstream:track)%00%(upstream:remotename)%00%(upstream:remoteref) refs/heads/master refs/remotes/master [3ms]
2024-09-29 04:47:43.834 [info] > git config --local branch.master.vscode-merge-base [2ms]
2024-09-29 04:47:43.834 [warning] [Git][config] git config failed: Failed to execute git
2024-09-29 04:47:43.840 [info] > git reflog master --grep-reflog=branch: Created from *. [3ms]
2024-09-29 04:47:43.844 [info] > git symbolic-ref --short refs/remotes/origin/HEAD [1ms]
2024-09-29 04:47:43.844 [info] fatal: ref refs/remotes/origin/HEAD is not a symbolic ref
2024-09-29 04:47:48.847 [info] > git config --get commit.template [9ms]
2024-09-29 04:47:48.848 [info] > git for-each-ref --format=%(refname)%00%(upstream:short)%00%(objectname)%00%(upstream:track)%00%(upstream:remotename)%00%(upstream:remoteref) refs/heads/master refs/remotes/master [4ms]
2024-09-29 04:47:48.881 [info] > git status -z -uall [29ms]
2024-09-29 04:47:48.885 [info] > git for-each-ref --format=%(refname)%00%(upstream:short)%00%(objectname)%00%(upstream:track)%00%(upstream:remotename)%00%(upstream:remoteref) refs/heads/master refs/remotes/master [1ms]
2024-09-29 04:47:48.891 [info] > git config --local branch.master.vscode-merge-base [1ms]
2024-09-29 04:47:48.891 [warning] [Git][config] git config failed: Failed to execute git
2024-09-29 04:47:48.896 [info] > git reflog master --grep-reflog=branch: Created from *. [2ms]
2024-09-29 04:47:48.901 [info] > git symbolic-ref --short refs/remotes/origin/HEAD [2ms]
2024-09-29 04:47:48.901 [info] fatal: ref refs/remotes/origin/HEAD is not a symbolic ref
2024-09-29 04:47:53.892 [info] > git config --get commit.template [3ms]
2024-09-29 04:47:53.894 [info] > git for-each-ref --format=%(refname)%00%(upstream:short)%00%(objectname)%00%(upstream:track)%00%(upstream:remotename)%00%(upstream:remoteref) refs/heads/master refs/remotes/master [1ms]
2024-09-29 04:47:53.925 [info] > git status -z -uall [29ms]
2024-09-29 04:47:53.930 [info] > git for-each-ref --format=%(refname)%00%(upstream:short)%00%(objectname)%00%(upstream:track)%00%(upstream:remotename)%00%(upstream:remoteref) refs/heads/master refs/remotes/master [2ms]
2024-09-29 04:47:53.935 [info] > git config --local branch.master.vscode-merge-base [3ms]
2024-09-29 04:47:53.935 [warning] [Git][config] git config failed: Failed to execute git
2024-09-29 04:47:53.940 [info] > git reflog master --grep-reflog=branch: Created from *. [3ms]
2024-09-29 04:47:53.944 [info] > git symbolic-ref --short refs/remotes/origin/HEAD [2ms]
2024-09-29 04:47:53.944 [info] fatal: ref refs/remotes/origin/HEAD is not a symbolic ref
2024-09-29 04:47:58.941 [info] > git config --get commit.template [4ms]
2024-09-29 04:47:58.942 [info] > git for-each-ref --format=%(refname)%00%(upstream:short)%00%(objectname)%00%(upstream:track)%00%(upstream:remotename)%00%(upstream:remoteref) refs/heads/master refs/remotes/master [3ms]
2024-09-29 04:47:58.982 [info] > git status -z -uall [36ms]
2024-09-29 04:47:58.988 [info] > git for-each-ref --format=%(refname)%00%(upstream:short)%00%(objectname)%00%(upstream:track)%00%(upstream:remotename)%00%(upstream:remoteref) refs/heads/master refs/remotes/master [3ms]
2024-09-29 04:47:58.993 [info] > git config --local branch.master.vscode-merge-base [2ms]
2024-09-29 04:47:58.993 [warning] [Git][config] git config failed: Failed to execute git
2024-09-29 04:47:58.998 [info] > git reflog master --grep-reflog=branch: Created from *. [2ms]
2024-09-29 04:47:59.002 [info] > git symbolic-ref --short refs/remotes/origin/HEAD [1ms]
2024-09-29 04:47:59.002 [info] fatal: ref refs/remotes/origin/HEAD is not a symbolic ref
2024-09-29 04:48:04.000 [info] > git config --get commit.template [6ms]
2024-09-29 04:48:04.002 [info] > git for-each-ref --format=%(refname)%00%(upstream:short)%00%(objectname)%00%(upstream:track)%00%(upstream:remotename)%00%(upstream:remoteref) refs/heads/master refs/remotes/master [3ms]
2024-09-29 04:48:04.033 [info] > git status -z -uall [28ms]
2024-09-29 04:48:04.039 [info] > git for-each-ref --format=%(refname)%00%(upstream:short)%00%(objectname)%00%(upstream:track)%00%(upstream:remotename)%00%(upstream:remoteref) refs/heads/master refs/remotes/master [3ms]
2024-09-29 04:48:04.046 [info] > git config --local branch.master.vscode-merge-base [2ms]
2024-09-29 04:48:04.046 [warning] [Git][config] git config failed: Failed to execute git
2024-09-29 04:48:04.052 [info] > git reflog master --grep-reflog=branch: Created from *. [3ms]
2024-09-29 04:48:04.055 [info] > git symbolic-ref --short refs/remotes/origin/HEAD [1ms]
2024-09-29 04:48:04.055 [info] fatal: ref refs/remotes/origin/HEAD is not a symbolic ref
2024-09-29 04:48:09.051 [info] > git config --get commit.template [5ms]
2024-09-29 04:48:09.053 [info] > git for-each-ref --format=%(refname)%00%(upstream:short)%00%(objectname)%00%(upstream:track)%00%(upstream:remotename)%00%(upstream:remoteref) refs/heads/master refs/remotes/master [2ms]
2024-09-29 04:48:09.095 [info] > git status -z -uall [39ms]
2024-09-29 04:48:09.100 [info] > git for-each-ref --format=%(refname)%00%(upstream:short)%00%(objectname)%00%(upstream:track)%00%(upstream:remotename)%00%(upstream:remoteref) refs/heads/master refs/remotes/master [1ms]
2024-09-29 04:48:09.106 [info] > git config --local branch.master.vscode-merge-base [2ms]
2024-09-29 04:48:09.106 [warning] [Git][config] git config failed: Failed to execute git
2024-09-29 04:48:09.111 [info] > git reflog master --grep-reflog=branch: Created from *. [2ms]
2024-09-29 04:48:09.114 [info] > git symbolic-ref --short refs/remotes/origin/HEAD [1ms]
2024-09-29 04:48:09.115 [info] fatal: ref refs/remotes/origin/HEAD is not a symbolic ref
2024-09-29 04:48:14.111 [info] > git config --get commit.template [5ms]
2024-09-29 04:48:14.113 [info] > git for-each-ref --format=%(refname)%00%(upstream:short)%00%(objectname)%00%(upstream:track)%00%(upstream:remotename)%00%(upstream:remoteref) refs/heads/master refs/remotes/master [3ms]
2024-09-29 04:48:14.147 [info] > git status -z -uall [30ms]
2024-09-29 04:48:14.152 [info] > git for-each-ref --format=%(refname)%00%(upstream:short)%00%(objectname)%00%(upstream:track)%00%(upstream:remotename)%00%(upstream:remoteref) refs/heads/master refs/remotes/master [2ms]
2024-09-29 04:48:14.158 [info] > git config --local branch.master.vscode-merge-base [2ms]
2024-09-29 04:48:14.158 [warning] [Git][config] git config failed: Failed to execute git
2024-09-29 04:48:14.162 [info] > git reflog master --grep-reflog=branch: Created from *. [2ms]
2024-09-29 04:48:14.165 [info] > git symbolic-ref --short refs/remotes/origin/HEAD [1ms]
2024-09-29 04:48:14.165 [info] fatal: ref refs/remotes/origin/HEAD is not a symbolic ref
2024-09-29 04:48:19.165 [info] > git config --get commit.template [4ms]
2024-09-29 04:48:19.167 [info] > git for-each-ref --format=%(refname)%00%(upstream:short)%00%(objectname)%00%(upstream:track)%00%(upstream:remotename)%00%(upstream:remoteref) refs/heads/master refs/remotes/master [2ms]
2024-09-29 04:48:19.212 [info] > git status -z -uall [42ms]
2024-09-29 04:48:19.216 [info] > git for-each-ref --format=%(refname)%00%(upstream:short)%00%(objectname)%00%(upstream:track)%00%(upstream:remotename)%00%(upstream:remoteref) refs/heads/master refs/remotes/master [2ms]
2024-09-29 04:48:19.221 [info] > git config --local branch.master.vscode-merge-base [2ms]
2024-09-29 04:48:19.221 [warning] [Git][config] git config failed: Failed to execute git
2024-09-29 04:48:19.226 [info] > git reflog master --grep-reflog=branch: Created from *. [3ms]
2024-09-29 04:48:19.230 [info] > git symbolic-ref --short refs/remotes/origin/HEAD [1ms]
2024-09-29 04:48:19.230 [info] fatal: ref refs/remotes/origin/HEAD is not a symbolic ref
2024-09-29 04:48:24.226 [info] > git config --get commit.template [4ms]
2024-09-29 04:48:24.228 [info] > git for-each-ref --format=%(refname)%00%(upstream:short)%00%(objectname)%00%(upstream:track)%00%(upstream:remotename)%00%(upstream:remoteref) refs/heads/master refs/remotes/master [2ms]
2024-09-29 04:48:24.264 [info] > git status -z -uall [34ms]
2024-09-29 04:48:24.269 [info] > git for-each-ref --format=%(refname)%00%(upstream:short)%00%(objectname)%00%(upstream:track)%00%(upstream:remotename)%00%(upstream:remoteref) refs/heads/master refs/remotes/master [2ms]
2024-09-29 04:48:24.275 [info] > git config --local branch.master.vscode-merge-base [4ms]
2024-09-29 04:48:24.275 [warning] [Git][config] git config failed: Failed to execute git
2024-09-29 04:48:24.280 [info] > git reflog master --grep-reflog=branch: Created from *. [2ms]
2024-09-29 04:48:24.284 [info] > git symbolic-ref --short refs/remotes/origin/HEAD [1ms]
2024-09-29 04:48:24.284 [info] fatal: ref refs/remotes/origin/HEAD is not a symbolic ref
2024-09-29 04:48:29.280 [info] > git config --get commit.template [4ms]
2024-09-29 04:48:29.281 [info] > git for-each-ref --format=%(refname)%00%(upstream:short)%00%(objectname)%00%(upstream:track)%00%(upstream:remotename)%00%(upstream:remoteref) refs/heads/master refs/remotes/master [2ms]
2024-09-29 04:48:29.312 [info] > git status -z -uall [28ms]
2024-09-29 04:48:29.317 [info] > git for-each-ref --format=%(refname)%00%(upstream:short)%00%(objectname)%00%(upstream:track)%00%(upstream:remotename)%00%(upstream:remoteref) refs/heads/master refs/remotes/master [2ms]
2024-09-29 04:48:29.323 [info] > git config --local branch.master.vscode-merge-base [2ms]
2024-09-29 04:48:29.323 [warning] [Git][config] git config failed: Failed to execute git
2024-09-29 04:48:29.337 [info] > git reflog master --grep-reflog=branch: Created from *. [11ms]
2024-09-29 04:48:29.341 [info] > git symbolic-ref --short refs/remotes/origin/HEAD [2ms]
2024-09-29 04:48:29.341 [info] fatal: ref refs/remotes/origin/HEAD is not a symbolic ref
2024-09-29 04:48:34.331 [info] > git config --get commit.template [6ms]
2024-09-29 04:48:34.332 [info] > git for-each-ref --format=%(refname)%00%(upstream:short)%00%(objectname)%00%(upstream:track)%00%(upstream:remotename)%00%(upstream:remoteref) refs/heads/master refs/remotes/master [2ms]
2024-09-29 04:48:34.364 [info] > git status -z -uall [29ms]
2024-09-29 04:48:34.370 [info] > git for-each-ref --format=%(refname)%00%(upstream:short)%00%(objectname)%00%(upstream:track)%00%(upstream:remotename)%00%(upstream:remoteref) refs/heads/master refs/remotes/master [3ms]
2024-09-29 04:48:34.375 [info] > git config --local branch.master.vscode-merge-base [2ms]
2024-09-29 04:48:34.375 [warning] [Git][config] git config failed: Failed to execute git
2024-09-29 04:48:34.381 [info] > git reflog master --grep-reflog=branch: Created from *. [3ms]
2024-09-29 04:48:34.385 [info] > git symbolic-ref --short refs/remotes/origin/HEAD [2ms]
2024-09-29 04:48:34.385 [info] fatal: ref refs/remotes/origin/HEAD is not a symbolic ref
2024-09-29 04:48:39.382 [info] > git config --get commit.template [3ms]
2024-09-29 04:48:39.386 [info] > git for-each-ref --format=%(refname)%00%(upstream:short)%00%(objectname)%00%(upstream:track)%00%(upstream:remotename)%00%(upstream:remoteref) refs/heads/master refs/remotes/master [2ms]
2024-09-29 04:48:39.429 [info] > git status -z -uall [40ms]
2024-09-29 04:48:39.434 [info] > git for-each-ref --format=%(refname)%00%(upstream:short)%00%(objectname)%00%(upstream:track)%00%(upstream:remotename)%00%(upstream:remoteref) refs/heads/master refs/remotes/master [2ms]
2024-09-29 04:48:39.439 [info] > git config --local branch.master.vscode-merge-base [3ms]
2024-09-29 04:48:39.439 [warning] [Git][config] git config failed: Failed to execute git
2024-09-29 04:48:39.444 [info] > git reflog master --grep-reflog=branch: Created from *. [2ms]
2024-09-29 04:48:39.448 [info] > git symbolic-ref --short refs/remotes/origin/HEAD [1ms]
2024-09-29 04:48:39.448 [info] fatal: ref refs/remotes/origin/HEAD is not a symbolic ref
2024-09-29 04:48:44.449 [info] > git config --get commit.template [4ms]
2024-09-29 04:48:44.451 [info] > git for-each-ref --format=%(refname)%00%(upstream:short)%00%(objectname)%00%(upstream:track)%00%(upstream:remotename)%00%(upstream:remoteref) refs/heads/master refs/remotes/master [3ms]
2024-09-29 04:48:44.486 [info] > git status -z -uall [32ms]
2024-09-29 04:48:44.491 [info] > git for-each-ref --format=%(refname)%00%(upstream:short)%00%(objectname)%00%(upstream:track)%00%(upstream:remotename)%00%(upstream:remoteref) refs/heads/master refs/remotes/master [1ms]
2024-09-29 04:48:44.497 [info] > git config --local branch.master.vscode-merge-base [3ms]
2024-09-29 04:48:44.498 [warning] [Git][config] git config failed: Failed to execute git
2024-09-29 04:48:44.503 [info] > git reflog master --grep-reflog=branch: Created from *. [3ms]
2024-09-29 04:48:44.507 [info] > git symbolic-ref --short refs/remotes/origin/HEAD [1ms]
2024-09-29 04:48:44.507 [info] fatal: ref refs/remotes/origin/HEAD is not a symbolic ref
2024-09-29 04:48:49.501 [info] > git config --get commit.template [3ms]
2024-09-29 04:48:49.502 [info] > git for-each-ref --format=%(refname)%00%(upstream:short)%00%(objectname)%00%(upstream:track)%00%(upstream:remotename)%00%(upstream:remoteref) refs/heads/master refs/remotes/master [2ms]
2024-09-29 04:48:49.533 [info] > git status -z -uall [28ms]
2024-09-29 04:48:49.538 [info] > git for-each-ref --format=%(refname)%00%(upstream:short)%00%(objectname)%00%(upstream:track)%00%(upstream:remotename)%00%(upstream:remoteref) refs/heads/master refs/remotes/master [2ms]
2024-09-29 04:48:49.542 [info] > git config --local branch.master.vscode-merge-base [2ms]
2024-09-29 04:48:49.542 [warning] [Git][config] git config failed: Failed to execute git
2024-09-29 04:48:49.547 [info] > git reflog master --grep-reflog=branch: Created from *. [2ms]
2024-09-29 04:48:49.550 [info] > git symbolic-ref --short refs/remotes/origin/HEAD [1ms]
2024-09-29 04:48:49.550 [info] fatal: ref refs/remotes/origin/HEAD is not a symbolic ref
2024-09-29 04:48:54.553 [info] > git config --get commit.template [8ms]
2024-09-29 04:48:54.554 [info] > git for-each-ref --format=%(refname)%00%(upstream:short)%00%(objectname)%00%(upstream:track)%00%(upstream:remotename)%00%(upstream:remoteref) refs/heads/master refs/remotes/master [3ms]
2024-09-29 04:48:54.589 [info] > git status -z -uall [29ms]
2024-09-29 04:48:54.594 [info] > git for-each-ref --format=%(refname)%00%(upstream:short)%00%(objectname)%00%(upstream:track)%00%(upstream:remotename)%00%(upstream:remoteref) refs/heads/master refs/remotes/master [2ms]
2024-09-29 04:48:54.600 [info] > git config --local branch.master.vscode-merge-base [2ms]
2024-09-29 04:48:54.600 [warning] [Git][config] git config failed: Failed to execute git
2024-09-29 04:48:54.606 [info] > git reflog master --grep-reflog=branch: Created from *. [2ms]
2024-09-29 04:48:54.610 [info] > git symbolic-ref --short refs/remotes/origin/HEAD [2ms]
2024-09-29 04:48:54.610 [info] fatal: ref refs/remotes/origin/HEAD is not a symbolic ref
2024-09-29 04:48:59.605 [info] > git config --get commit.template [6ms]
2024-09-29 04:48:59.605 [info] > git for-each-ref --format=%(refname)%00%(upstream:short)%00%(objectname)%00%(upstream:track)%00%(upstream:remotename)%00%(upstream:remoteref) refs/heads/master refs/remotes/master [2ms]
2024-09-29 04:48:59.644 [info] > git status -z -uall [36ms]
2024-09-29 04:48:59.649 [info] > git for-each-ref --format=%(refname)%00%(upstream:short)%00%(objectname)%00%(upstream:track)%00%(upstream:remotename)%00%(upstream:remoteref) refs/heads/master refs/remotes/master [2ms]
2024-09-29 04:48:59.654 [info] > git config --local branch.master.vscode-merge-base [1ms]
2024-09-29 04:48:59.655 [warning] [Git][config] git config failed: Failed to execute git
2024-09-29 04:48:59.660 [info] > git reflog master --grep-reflog=branch: Created from *. [3ms]
2024-09-29 04:48:59.664 [info] > git symbolic-ref --short refs/remotes/origin/HEAD [2ms]
2024-09-29 04:48:59.664 [info] fatal: ref refs/remotes/origin/HEAD is not a symbolic ref
2024-09-29 04:49:04.663 [info] > git config --get commit.template [7ms]
2024-09-29 04:49:04.665 [info] > git for-each-ref --format=%(refname)%00%(upstream:short)%00%(objectname)%00%(upstream:track)%00%(upstream:remotename)%00%(upstream:remoteref) refs/heads/master refs/remotes/master [3ms]
2024-09-29 04:49:04.706 [info] > git status -z -uall [38ms]
2024-09-29 04:49:04.711 [info] > git for-each-ref --format=%(refname)%00%(upstream:short)%00%(objectname)%00%(upstream:track)%00%(upstream:remotename)%00%(upstream:remoteref) refs/heads/master refs/remotes/master [2ms]
2024-09-29 04:49:04.716 [info] > git config --local branch.master.vscode-merge-base [2ms]
2024-09-29 04:49:04.716 [warning] [Git][config] git config failed: Failed to execute git
2024-09-29 04:49:04.721 [info] > git reflog master --grep-reflog=branch: Created from *. [3ms]
2024-09-29 04:49:04.726 [info] > git symbolic-ref --short refs/remotes/origin/HEAD [2ms]
2024-09-29 04:49:04.726 [info] fatal: ref refs/remotes/origin/HEAD is not a symbolic ref
2024-09-29 04:49:09.726 [info] > git config --get commit.template [6ms]
2024-09-29 04:49:09.728 [info] > git for-each-ref --format=%(refname)%00%(upstream:short)%00%(objectname)%00%(upstream:track)%00%(upstream:remotename)%00%(upstream:remoteref) refs/heads/master refs/remotes/master [3ms]
2024-09-29 04:49:09.771 [info] > git status -z -uall [39ms]
2024-09-29 04:49:09.776 [info] > git for-each-ref --format=%(refname)%00%(upstream:short)%00%(objectname)%00%(upstream:track)%00%(upstream:remotename)%00%(upstream:remoteref) refs/heads/master refs/remotes/master [2ms]
2024-09-29 04:49:09.782 [info] > git config --local branch.master.vscode-merge-base [3ms]
2024-09-29 04:49:09.782 [warning] [Git][config] git config failed: Failed to execute git
2024-09-29 04:49:09.788 [info] > git reflog master --grep-reflog=branch: Created from *. [2ms]
2024-09-29 04:49:09.791 [info] > git symbolic-ref --short refs/remotes/origin/HEAD [1ms]
2024-09-29 04:49:09.791 [info] fatal: ref refs/remotes/origin/HEAD is not a symbolic ref
2024-09-29 04:49:14.789 [info] > git config --get commit.template [4ms]
2024-09-29 04:49:14.790 [info] > git for-each-ref --format=%(refname)%00%(upstream:short)%00%(objectname)%00%(upstream:track)%00%(upstream:remotename)%00%(upstream:remoteref) refs/heads/master refs/remotes/master [1ms]
2024-09-29 04:49:14.824 [info] > git status -z -uall [30ms]
2024-09-29 04:49:14.829 [info] > git for-each-ref --format=%(refname)%00%(upstream:short)%00%(objectname)%00%(upstream:track)%00%(upstream:remotename)%00%(upstream:remoteref) refs/heads/master refs/remotes/master [2ms]
2024-09-29 04:49:14.834 [info] > git config --local branch.master.vscode-merge-base [2ms]
2024-09-29 04:49:14.835 [warning] [Git][config] git config failed: Failed to execute git
2024-09-29 04:49:14.841 [info] > git reflog master --grep-reflog=branch: Created from *. [2ms]
2024-09-29 04:49:14.845 [info] > git symbolic-ref --short refs/remotes/origin/HEAD [1ms]
2024-09-29 04:49:14.845 [info] fatal: ref refs/remotes/origin/HEAD is not a symbolic ref
2024-09-29 04:49:19.842 [info] > git config --get commit.template [7ms]
2024-09-29 04:49:19.845 [info] > git for-each-ref --format=%(refname)%00%(upstream:short)%00%(objectname)%00%(upstream:track)%00%(upstream:remotename)%00%(upstream:remoteref) refs/heads/master refs/remotes/master [4ms]
2024-09-29 04:49:19.880 [info] > git status -z -uall [31ms]
2024-09-29 04:49:19.884 [info] > git for-each-ref --format=%(refname)%00%(upstream:short)%00%(objectname)%00%(upstream:track)%00%(upstream:remotename)%00%(upstream:remoteref) refs/heads/master refs/remotes/master [2ms]
2024-09-29 04:49:19.890 [info] > git config --local branch.master.vscode-merge-base [3ms]
2024-09-29 04:49:19.890 [warning] [Git][config] git config failed: Failed to execute git
2024-09-29 04:49:19.895 [info] > git reflog master --grep-reflog=branch: Created from *. [2ms]
2024-09-29 04:49:19.898 [info] > git symbolic-ref --short refs/remotes/origin/HEAD [1ms]
2024-09-29 04:49:19.898 [info] fatal: ref refs/remotes/origin/HEAD is not a symbolic ref
2024-09-29 04:49:24.890 [info] > git config --get commit.template [3ms]
2024-09-29 04:49:24.891 [info] > git for-each-ref --format=%(refname)%00%(upstream:short)%00%(objectname)%00%(upstream:track)%00%(upstream:remotename)%00%(upstream:remoteref) refs/heads/master refs/remotes/master [2ms]
2024-09-29 04:49:24.933 [info] > git status -z -uall [39ms]
2024-09-29 04:49:24.938 [info] > git for-each-ref --format=%(refname)%00%(upstream:short)%00%(objectname)%00%(upstream:track)%00%(upstream:remotename)%00%(upstream:remoteref) refs/heads/master refs/remotes/master [2ms]
2024-09-29 04:49:24.943 [info] > git config --local branch.master.vscode-merge-base [2ms]
2024-09-29 04:49:24.943 [warning] [Git][config] git config failed: Failed to execute git
2024-09-29 04:49:24.948 [info] > git reflog master --grep-reflog=branch: Created from *. [3ms]
2024-09-29 04:49:24.979 [info] > git symbolic-ref --short refs/remotes/origin/HEAD [1ms]
2024-09-29 04:49:24.979 [info] fatal: ref refs/remotes/origin/HEAD is not a symbolic ref
2024-09-29 04:49:29.950 [info] > git config --get commit.template [6ms]
2024-09-29 04:49:29.951 [info] > git for-each-ref --format=%(refname)%00%(upstream:short)%00%(objectname)%00%(upstream:track)%00%(upstream:remotename)%00%(upstream:remoteref) refs/heads/master refs/remotes/master [2ms]
2024-09-29 04:49:29.986 [info] > git status -z -uall [31ms]
2024-09-29 04:49:29.990 [info] > git for-each-ref --format=%(refname)%00%(upstream:short)%00%(objectname)%00%(upstream:track)%00%(upstream:remotename)%00%(upstream:remoteref) refs/heads/master refs/remotes/master [2ms]
2024-09-29 04:49:29.995 [info] > git config --local branch.master.vscode-merge-base [2ms]
2024-09-29 04:49:29.996 [warning] [Git][config] git config failed: Failed to execute git
2024-09-29 04:49:30.000 [info] > git reflog master --grep-reflog=branch: Created from *. [2ms]
2024-09-29 04:49:30.003 [info] > git symbolic-ref --short refs/remotes/origin/HEAD [1ms]
2024-09-29 04:49:30.003 [info] fatal: ref refs/remotes/origin/HEAD is not a symbolic ref
2024-09-29 04:49:34.999 [info] > git config --get commit.template [4ms]
2024-09-29 04:49:35.000 [info] > git for-each-ref --format=%(refname)%00%(upstream:short)%00%(objectname)%00%(upstream:track)%00%(upstream:remotename)%00%(upstream:remoteref) refs/heads/master refs/remotes/master [2ms]
2024-09-29 04:49:35.033 [info] > git status -z -uall [30ms]
2024-09-29 04:49:35.038 [info] > git for-each-ref --format=%(refname)%00%(upstream:short)%00%(objectname)%00%(upstream:track)%00%(upstream:remotename)%00%(upstream:remoteref) refs/heads/master refs/remotes/master [2ms]
2024-09-29 04:49:35.044 [info] > git config --local branch.master.vscode-merge-base [3ms]
2024-09-29 04:49:35.044 [warning] [Git][config] git config failed: Failed to execute git
2024-09-29 04:49:35.049 [info] > git reflog master --grep-reflog=branch: Created from *. [2ms]
2024-09-29 04:49:35.053 [info] > git symbolic-ref --short refs/remotes/origin/HEAD [2ms]
2024-09-29 04:49:35.053 [info] fatal: ref refs/remotes/origin/HEAD is not a symbolic ref
2024-09-29 04:49:40.046 [info] > git config --get commit.template [4ms]
2024-09-29 04:49:40.047 [info] > git for-each-ref --format=%(refname)%00%(upstream:short)%00%(objectname)%00%(upstream:track)%00%(upstream:remotename)%00%(upstream:remoteref) refs/heads/master refs/remotes/master [2ms]
2024-09-29 04:49:40.078 [info] > git status -z -uall [28ms]
2024-09-29 04:49:40.084 [info] > git for-each-ref --format=%(refname)%00%(upstream:short)%00%(objectname)%00%(upstream:track)%00%(upstream:remotename)%00%(upstream:remoteref) refs/heads/master refs/remotes/master [2ms]
2024-09-29 04:49:40.090 [info] > git config --local branch.master.vscode-merge-base [2ms]
2024-09-29 04:49:40.090 [warning] [Git][config] git config failed: Failed to execute git
2024-09-29 04:49:40.094 [info] > git reflog master --grep-reflog=branch: Created from *. [2ms]
2024-09-29 04:49:40.098 [info] > git symbolic-ref --short refs/remotes/origin/HEAD [1ms]
2024-09-29 04:49:40.098 [info] fatal: ref refs/remotes/origin/HEAD is not a symbolic ref
2024-09-29 04:49:45.090 [info] > git config --get commit.template [3ms]
2024-09-29 04:49:45.091 [info] > git for-each-ref --format=%(refname)%00%(upstream:short)%00%(objectname)%00%(upstream:track)%00%(upstream:remotename)%00%(upstream:remoteref) refs/heads/master refs/remotes/master [2ms]
2024-09-29 04:49:45.123 [info] > git status -z -uall [28ms]
2024-09-29 04:49:45.127 [info] > git for-each-ref --format=%(refname)%00%(upstream:short)%00%(objectname)%00%(upstream:track)%00%(upstream:remotename)%00%(upstream:remoteref) refs/heads/master refs/remotes/master [2ms]
2024-09-29 04:49:45.132 [info] > git config --local branch.master.vscode-merge-base [2ms]
2024-09-29 04:49:45.132 [warning] [Git][config] git config failed: Failed to execute git
2024-09-29 04:49:45.145 [info] > git reflog master --grep-reflog=branch: Created from *. [10ms]
2024-09-29 04:49:45.148 [info] > git symbolic-ref --short refs/remotes/origin/HEAD [1ms]
2024-09-29 04:49:45.148 [info] fatal: ref refs/remotes/origin/HEAD is not a symbolic ref
2024-09-29 04:49:50.140 [info] > git config --get commit.template [6ms]
2024-09-29 04:49:50.142 [info] > git for-each-ref --format=%(refname)%00%(upstream:short)%00%(objectname)%00%(upstream:track)%00%(upstream:remotename)%00%(upstream:remoteref) refs/heads/master refs/remotes/master [3ms]
2024-09-29 04:49:50.177 [info] > git status -z -uall [32ms]
2024-09-29 04:49:50.182 [info] > git for-each-ref --format=%(refname)%00%(upstream:short)%00%(objectname)%00%(upstream:track)%00%(upstream:remotename)%00%(upstream:remoteref) refs/heads/master refs/remotes/master [2ms]
2024-09-29 04:49:50.188 [info] > git config --local branch.master.vscode-merge-base [2ms]
2024-09-29 04:49:50.188 [warning] [Git][config] git config failed: Failed to execute git
2024-09-29 04:49:50.193 [info] > git reflog master --grep-reflog=branch: Created from *. [3ms]
2024-09-29 04:49:50.196 [info] > git symbolic-ref --short refs/remotes/origin/HEAD [1ms]
2024-09-29 04:49:50.197 [info] fatal: ref refs/remotes/origin/HEAD is not a symbolic ref
2024-09-29 04:49:55.192 [info] > git config --get commit.template [5ms]
2024-09-29 04:49:55.194 [info] > git for-each-ref --format=%(refname)%00%(upstream:short)%00%(objectname)%00%(upstream:track)%00%(upstream:remotename)%00%(upstream:remoteref) refs/heads/master refs/remotes/master [3ms]
2024-09-29 04:49:55.228 [info] > git status -z -uall [30ms]
2024-09-29 04:49:55.233 [info] > git for-each-ref --format=%(refname)%00%(upstream:short)%00%(objectname)%00%(upstream:track)%00%(upstream:remotename)%00%(upstream:remoteref) refs/heads/master refs/remotes/master [2ms]
2024-09-29 04:49:55.237 [info] > git config --local branch.master.vscode-merge-base [2ms]
2024-09-29 04:49:55.238 [warning] [Git][config] git config failed: Failed to execute git
2024-09-29 04:49:55.242 [info] > git reflog master --grep-reflog=branch: Created from *. [2ms]
2024-09-29 04:49:55.248 [info] > git symbolic-ref --short refs/remotes/origin/HEAD [1ms]
2024-09-29 04:49:55.248 [info] fatal: ref refs/remotes/origin/HEAD is not a symbolic ref
2024-09-29 04:50:00.245 [info] > git config --get commit.template [6ms]
2024-09-29 04:50:00.247 [info] > git for-each-ref --format=%(refname)%00%(upstream:short)%00%(objectname)%00%(upstream:track)%00%(upstream:remotename)%00%(upstream:remoteref) refs/heads/master refs/remotes/master [2ms]
2024-09-29 04:50:00.282 [info] > git status -z -uall [31ms]
2024-09-29 04:50:00.288 [info] > git for-each-ref --format=%(refname)%00%(upstream:short)%00%(objectname)%00%(upstream:track)%00%(upstream:remotename)%00%(upstream:remoteref) refs/heads/master refs/remotes/master [3ms]
2024-09-29 04:50:00.293 [info] > git config --local branch.master.vscode-merge-base [2ms]
2024-09-29 04:50:00.293 [warning] [Git][config] git config failed: Failed to execute git
2024-09-29 04:50:00.298 [info] > git reflog master --grep-reflog=branch: Created from *. [2ms]
2024-09-29 04:50:00.302 [info] > git symbolic-ref --short refs/remotes/origin/HEAD [2ms]
2024-09-29 04:50:00.302 [info] fatal: ref refs/remotes/origin/HEAD is not a symbolic ref
2024-09-29 04:50:05.293 [info] > git config --get commit.template [1ms]
2024-09-29 04:50:05.297 [info] > git for-each-ref --format=%(refname)%00%(upstream:short)%00%(objectname)%00%(upstream:track)%00%(upstream:remotename)%00%(upstream:remoteref) refs/heads/master refs/remotes/master [2ms]
2024-09-29 04:50:05.333 [info] > git status -z -uall [33ms]
2024-09-29 04:50:05.338 [info] > git for-each-ref --format=%(refname)%00%(upstream:short)%00%(objectname)%00%(upstream:track)%00%(upstream:remotename)%00%(upstream:remoteref) refs/heads/master refs/remotes/master [1ms]
2024-09-29 04:50:05.343 [info] > git config --local branch.master.vscode-merge-base [2ms]
2024-09-29 04:50:05.344 [warning] [Git][config] git config failed: Failed to execute git
2024-09-29 04:50:05.349 [info] > git reflog master --grep-reflog=branch: Created from *. [3ms]
2024-09-29 04:50:05.352 [info] > git symbolic-ref --short refs/remotes/origin/HEAD [1ms]
2024-09-29 04:50:05.352 [info] fatal: ref refs/remotes/origin/HEAD is not a symbolic ref
2024-09-29 04:50:10.352 [info] > git config --get commit.template [6ms]
2024-09-29 04:50:10.354 [info] > git for-each-ref --format=%(refname)%00%(upstream:short)%00%(objectname)%00%(upstream:track)%00%(upstream:remotename)%00%(upstream:remoteref) refs/heads/master refs/remotes/master [3ms]
2024-09-29 04:50:10.391 [info] > git status -z -uall [31ms]
2024-09-29 04:50:10.395 [info] > git for-each-ref --format=%(refname)%00%(upstream:short)%00%(objectname)%00%(upstream:track)%00%(upstream:remotename)%00%(upstream:remoteref) refs/heads/master refs/remotes/master [1ms]
2024-09-29 04:50:10.400 [info] > git config --local branch.master.vscode-merge-base [2ms]
2024-09-29 04:50:10.400 [warning] [Git][config] git config failed: Failed to execute git
2024-09-29 04:50:10.405 [info] > git reflog master --grep-reflog=branch: Created from *. [2ms]
2024-09-29 04:50:10.408 [info] > git symbolic-ref --short refs/remotes/origin/HEAD [2ms]
2024-09-29 04:50:10.408 [info] fatal: ref refs/remotes/origin/HEAD is not a symbolic ref
2024-09-29 04:50:15.406 [info] > git config --get commit.template [5ms]
2024-09-29 04:50:15.415 [info] > git for-each-ref --format=%(refname)%00%(upstream:short)%00%(objectname)%00%(upstream:track)%00%(upstream:remotename)%00%(upstream:remoteref) refs/heads/master refs/remotes/master [10ms]
2024-09-29 04:50:15.453 [info] > git status -z -uall [34ms]
2024-09-29 04:50:15.458 [info] > git for-each-ref --format=%(refname)%00%(upstream:short)%00%(objectname)%00%(upstream:track)%00%(upstream:remotename)%00%(upstream:remoteref) refs/heads/master refs/remotes/master [2ms]
2024-09-29 04:50:15.463 [info] > git config --local branch.master.vscode-merge-base [1ms]
2024-09-29 04:50:15.463 [warning] [Git][config] git config failed: Failed to execute git
2024-09-29 04:50:15.469 [info] > git reflog master --grep-reflog=branch: Created from *. [3ms]
2024-09-29 04:50:15.472 [info] > git symbolic-ref --short refs/remotes/origin/HEAD [1ms]
2024-09-29 04:50:15.472 [info] fatal: ref refs/remotes/origin/HEAD is not a symbolic ref
2024-09-29 04:50:20.467 [info] > git config --get commit.template [4ms]
2024-09-29 04:50:20.468 [info] > git for-each-ref --format=%(refname)%00%(upstream:short)%00%(objectname)%00%(upstream:track)%00%(upstream:remotename)%00%(upstream:remoteref) refs/heads/master refs/remotes/master [2ms]
2024-09-29 04:50:20.509 [info] > git status -z -uall [37ms]
2024-09-29 04:50:20.513 [info] > git for-each-ref --format=%(refname)%00%(upstream:short)%00%(objectname)%00%(upstream:track)%00%(upstream:remotename)%00%(upstream:remoteref) refs/heads/master refs/remotes/master [2ms]
2024-09-29 04:50:20.519 [info] > git config --local branch.master.vscode-merge-base [2ms]
2024-09-29 04:50:20.519 [warning] [Git][config] git config failed: Failed to execute git
2024-09-29 04:50:20.524 [info] > git reflog master --grep-reflog=branch: Created from *. [2ms]
2024-09-29 04:50:20.527 [info] > git symbolic-ref --short refs/remotes/origin/HEAD [1ms]
2024-09-29 04:50:20.527 [info] fatal: ref refs/remotes/origin/HEAD is not a symbolic ref
2024-09-29 04:50:25.523 [info] > git config --get commit.template [4ms]
2024-09-29 04:50:25.525 [info] > git for-each-ref --format=%(refname)%00%(upstream:short)%00%(objectname)%00%(upstream:track)%00%(upstream:remotename)%00%(upstream:remoteref) refs/heads/master refs/remotes/master [3ms]
2024-09-29 04:50:25.584 [info] > git status -z -uall [56ms]
2024-09-29 04:50:25.589 [info] > git for-each-ref --format=%(refname)%00%(upstream:short)%00%(objectname)%00%(upstream:track)%00%(upstream:remotename)%00%(upstream:remoteref) refs/heads/master refs/remotes/master [1ms]
2024-09-29 04:50:25.593 [info] > git config --local branch.master.vscode-merge-base [1ms]
2024-09-29 04:50:25.593 [warning] [Git][config] git config failed: Failed to execute git
2024-09-29 04:50:25.597 [info] > git reflog master --grep-reflog=branch: Created from *. [2ms]
2024-09-29 04:50:25.600 [info] > git symbolic-ref --short refs/remotes/origin/HEAD [2ms]
2024-09-29 04:50:25.600 [info] fatal: ref refs/remotes/origin/HEAD is not a symbolic ref
2024-09-29 04:50:30.598 [info] > git config --get commit.template [6ms]
2024-09-29 04:50:30.600 [info] > git for-each-ref --format=%(refname)%00%(upstream:short)%00%(objectname)%00%(upstream:track)%00%(upstream:remotename)%00%(upstream:remoteref) refs/heads/master refs/remotes/master [3ms]
2024-09-29 04:50:30.630 [info] > git status -z -uall [27ms]
2024-09-29 04:50:30.635 [info] > git for-each-ref --format=%(refname)%00%(upstream:short)%00%(objectname)%00%(upstream:track)%00%(upstream:remotename)%00%(upstream:remoteref) refs/heads/master refs/remotes/master [2ms]
2024-09-29 04:50:30.640 [info] > git config --local branch.master.vscode-merge-base [3ms]
2024-09-29 04:50:30.640 [warning] [Git][config] git config failed: Failed to execute git
2024-09-29 04:50:30.645 [info] > git reflog master --grep-reflog=branch: Created from *. [3ms]
2024-09-29 04:50:30.649 [info] > git symbolic-ref --short refs/remotes/origin/HEAD [2ms]
2024-09-29 04:50:30.649 [info] fatal: ref refs/remotes/origin/HEAD is not a symbolic ref
2024-09-29 04:50:35.648 [info] > git config --get commit.template [5ms]
2024-09-29 04:50:35.650 [info] > git for-each-ref --format=%(refname)%00%(upstream:short)%00%(objectname)%00%(upstream:track)%00%(upstream:remotename)%00%(upstream:remoteref) refs/heads/master refs/remotes/master [2ms]
2024-09-29 04:50:35.691 [info] > git status -z -uall [38ms]
2024-09-29 04:50:35.695 [info] > git for-each-ref --format=%(refname)%00%(upstream:short)%00%(objectname)%00%(upstream:track)%00%(upstream:remotename)%00%(upstream:remoteref) refs/heads/master refs/remotes/master [2ms]
2024-09-29 04:50:35.725 [info] > git config --local branch.master.vscode-merge-base [28ms]
2024-09-29 04:50:35.725 [warning] [Git][config] git config failed: Failed to execute git
2024-09-29 04:50:35.730 [info] > git reflog master --grep-reflog=branch: Created from *. [3ms]
2024-09-29 04:50:35.734 [info] > git symbolic-ref --short refs/remotes/origin/HEAD [1ms]
2024-09-29 04:50:35.735 [info] fatal: ref refs/remotes/origin/HEAD is not a symbolic ref
2024-09-29 04:50:40.701 [info] > git config --get commit.template [4ms]
2024-09-29 04:50:40.702 [info] > git for-each-ref --format=%(refname)%00%(upstream:short)%00%(objectname)%00%(upstream:track)%00%(upstream:remotename)%00%(upstream:remoteref) refs/heads/master refs/remotes/master [2ms]
2024-09-29 04:50:40.738 [info] > git status -z -uall [32ms]
2024-09-29 04:50:40.743 [info] > git for-each-ref --format=%(refname)%00%(upstream:short)%00%(objectname)%00%(upstream:track)%00%(upstream:remotename)%00%(upstream:remoteref) refs/heads/master refs/remotes/master [3ms]
2024-09-29 04:50:40.748 [info] > git config --local branch.master.vscode-merge-base [2ms]
2024-09-29 04:50:40.749 [warning] [Git][config] git config failed: Failed to execute git
2024-09-29 04:50:40.754 [info] > git reflog master --grep-reflog=branch: Created from *. [2ms]
2024-09-29 04:50:40.758 [info] > git symbolic-ref --short refs/remotes/origin/HEAD [1ms]
2024-09-29 04:50:40.758 [info] fatal: ref refs/remotes/origin/HEAD is not a symbolic ref
2024-09-29 04:50:45.752 [info] > git config --get commit.template [2ms]
2024-09-29 04:50:45.753 [info] > git for-each-ref --format=%(refname)%00%(upstream:short)%00%(objectname)%00%(upstream:track)%00%(upstream:remotename)%00%(upstream:remoteref) refs/heads/master refs/remotes/master [2ms]
2024-09-29 04:50:45.787 [info] > git status -z -uall [30ms]
2024-09-29 04:50:45.792 [info] > git for-each-ref --format=%(refname)%00%(upstream:short)%00%(objectname)%00%(upstream:track)%00%(upstream:remotename)%00%(upstream:remoteref) refs/heads/master refs/remotes/master [3ms]
2024-09-29 04:50:45.797 [info] > git config --local branch.master.vscode-merge-base [2ms]
2024-09-29 04:50:45.797 [warning] [Git][config] git config failed: Failed to execute git
2024-09-29 04:50:45.802 [info] > git reflog master --grep-reflog=branch: Created from *. [2ms]
2024-09-29 04:50:45.805 [info] > git symbolic-ref --short refs/remotes/origin/HEAD [1ms]
2024-09-29 04:50:45.805 [info] fatal: ref refs/remotes/origin/HEAD is not a symbolic ref
2024-09-29 04:50:50.801 [info] > git config --get commit.template [3ms]
2024-09-29 04:50:50.803 [info] > git for-each-ref --format=%(refname)%00%(upstream:short)%00%(objectname)%00%(upstream:track)%00%(upstream:remotename)%00%(upstream:remoteref) refs/heads/master refs/remotes/master [2ms]
2024-09-29 04:50:50.842 [info] > git status -z -uall [37ms]
2024-09-29 04:50:50.847 [info] > git for-each-ref --format=%(refname)%00%(upstream:short)%00%(objectname)%00%(upstream:track)%00%(upstream:remotename)%00%(upstream:remoteref) refs/heads/master refs/remotes/master [2ms]
2024-09-29 04:50:50.852 [info] > git config --local branch.master.vscode-merge-base [2ms]
2024-09-29 04:50:50.852 [warning] [Git][config] git config failed: Failed to execute git
2024-09-29 04:50:50.857 [info] > git reflog master --grep-reflog=branch: Created from *. [2ms]
2024-09-29 04:50:50.861 [info] > git symbolic-ref --short refs/remotes/origin/HEAD [1ms]
2024-09-29 04:50:50.862 [info] fatal: ref refs/remotes/origin/HEAD is not a symbolic ref
2024-09-29 04:50:55.857 [info] > git config --get commit.template [3ms]
2024-09-29 04:50:55.863 [info] > git for-each-ref --format=%(refname)%00%(upstream:short)%00%(objectname)%00%(upstream:track)%00%(upstream:remotename)%00%(upstream:remoteref) refs/heads/master refs/remotes/master [2ms]
2024-09-29 04:50:55.896 [info] > git status -z -uall [29ms]
2024-09-29 04:50:55.901 [info] > git for-each-ref --format=%(refname)%00%(upstream:short)%00%(objectname)%00%(upstream:track)%00%(upstream:remotename)%00%(upstream:remoteref) refs/heads/master refs/remotes/master [2ms]
2024-09-29 04:50:55.905 [info] > git config --local branch.master.vscode-merge-base [2ms]
2024-09-29 04:50:55.906 [warning] [Git][config] git config failed: Failed to execute git
2024-09-29 04:50:55.910 [info] > git reflog master --grep-reflog=branch: Created from *. [2ms]
2024-09-29 04:50:55.914 [info] > git symbolic-ref --short refs/remotes/origin/HEAD [2ms]
2024-09-29 04:50:55.914 [info] fatal: ref refs/remotes/origin/HEAD is not a symbolic ref
2024-09-29 04:51:00.909 [info] > git config --get commit.template [4ms]
2024-09-29 04:51:00.910 [info] > git for-each-ref --format=%(refname)%00%(upstream:short)%00%(objectname)%00%(upstream:track)%00%(upstream:remotename)%00%(upstream:remoteref) refs/heads/master refs/remotes/master [2ms]
2024-09-29 04:51:00.941 [info] > git status -z -uall [29ms]
2024-09-29 04:51:00.947 [info] > git for-each-ref --format=%(refname)%00%(upstream:short)%00%(objectname)%00%(upstream:track)%00%(upstream:remotename)%00%(upstream:remoteref) refs/heads/master refs/remotes/master [2ms]
2024-09-29 04:51:00.952 [info] > git config --local branch.master.vscode-merge-base [2ms]
2024-09-29 04:51:00.952 [warning] [Git][config] git config failed: Failed to execute git
2024-09-29 04:51:00.957 [info] > git reflog master --grep-reflog=branch: Created from *. [2ms]
2024-09-29 04:51:00.961 [info] > git symbolic-ref --short refs/remotes/origin/HEAD [2ms]
2024-09-29 04:51:00.961 [info] fatal: ref refs/remotes/origin/HEAD is not a symbolic ref
2024-09-29 04:51:09.839 [info] > git config --get commit.template [5ms]
2024-09-29 04:51:09.841 [info] > git for-each-ref --format=%(refname)%00%(upstream:short)%00%(objectname)%00%(upstream:track)%00%(upstream:remotename)%00%(upstream:remoteref) refs/heads/master refs/remotes/master [4ms]
2024-09-29 04:51:09.950 [info] > git status -z -uall [105ms]
2024-09-29 04:51:09.957 [info] > git for-each-ref --format=%(refname)%00%(upstream:short)%00%(objectname)%00%(upstream:track)%00%(upstream:remotename)%00%(upstream:remoteref) refs/heads/master refs/remotes/master [3ms]
2024-09-29 04:51:09.963 [info] > git config --local branch.master.vscode-merge-base [2ms]
2024-09-29 04:51:09.963 [warning] [Git][config] git config failed: Failed to execute git
2024-09-29 04:51:09.968 [info] > git reflog master --grep-reflog=branch: Created from *. [3ms]
2024-09-29 04:51:09.993 [info] > git symbolic-ref --short refs/remotes/origin/HEAD [18ms]
2024-09-29 04:51:09.993 [info] fatal: ref refs/remotes/origin/HEAD is not a symbolic ref
2024-09-29 04:51:14.969 [info] > git config --get commit.template [7ms]
2024-09-29 04:51:14.971 [info] > git for-each-ref --format=%(refname)%00%(upstream:short)%00%(objectname)%00%(upstream:track)%00%(upstream:remotename)%00%(upstream:remoteref) refs/heads/master refs/remotes/master [3ms]
2024-09-29 04:51:15.005 [info] > git status -z -uall [30ms]
2024-09-29 04:51:15.010 [info] > git for-each-ref --format=%(refname)%00%(upstream:short)%00%(objectname)%00%(upstream:track)%00%(upstream:remotename)%00%(upstream:remoteref) refs/heads/master refs/remotes/master [2ms]
2024-09-29 04:51:15.014 [info] > git config --local branch.master.vscode-merge-base [2ms]
2024-09-29 04:51:15.014 [warning] [Git][config] git config failed: Failed to execute git
2024-09-29 04:51:15.019 [info] > git reflog master --grep-reflog=branch: Created from *. [2ms]
2024-09-29 04:51:15.022 [info] > git symbolic-ref --short refs/remotes/origin/HEAD [1ms]
2024-09-29 04:51:15.022 [info] fatal: ref refs/remotes/origin/HEAD is not a symbolic ref
2024-09-29 04:51:20.016 [info] > git config --get commit.template [2ms]
2024-09-29 04:51:20.017 [info] > git for-each-ref --format=%(refname)%00%(upstream:short)%00%(objectname)%00%(upstream:track)%00%(upstream:remotename)%00%(upstream:remoteref) refs/heads/master refs/remotes/master [2ms]
2024-09-29 04:51:20.061 [info] > git status -z -uall [41ms]
2024-09-29 04:51:20.068 [info] > git for-each-ref --format=%(refname)%00%(upstream:short)%00%(objectname)%00%(upstream:track)%00%(upstream:remotename)%00%(upstream:remoteref) refs/heads/master refs/remotes/master [4ms]
2024-09-29 04:51:20.074 [info] > git config --local branch.master.vscode-merge-base [2ms]
2024-09-29 04:51:20.074 [warning] [Git][config] git config failed: Failed to execute git
2024-09-29 04:51:20.079 [info] > git reflog master --grep-reflog=branch: Created from *. [2ms]
2024-09-29 04:51:20.082 [info] > git symbolic-ref --short refs/remotes/origin/HEAD [1ms]
2024-09-29 04:51:20.082 [info] fatal: ref refs/remotes/origin/HEAD is not a symbolic ref
2024-09-29 04:51:25.082 [info] > git config --get commit.template [7ms]
2024-09-29 04:51:25.086 [info] > git for-each-ref --format=%(refname)%00%(upstream:short)%00%(objectname)%00%(upstream:track)%00%(upstream:remotename)%00%(upstream:remoteref) refs/heads/master refs/remotes/master [5ms]
2024-09-29 04:51:25.125 [info] > git status -z -uall [35ms]
2024-09-29 04:51:25.130 [info] > git for-each-ref --format=%(refname)%00%(upstream:short)%00%(objectname)%00%(upstream:track)%00%(upstream:remotename)%00%(upstream:remoteref) refs/heads/master refs/remotes/master [2ms]
2024-09-29 04:51:25.135 [info] > git config --local branch.master.vscode-merge-base [2ms]
2024-09-29 04:51:25.135 [warning] [Git][config] git config failed: Failed to execute git
2024-09-29 04:51:25.140 [info] > git reflog master --grep-reflog=branch: Created from *. [2ms]
2024-09-29 04:51:25.144 [info] > git symbolic-ref --short refs/remotes/origin/HEAD [1ms]
2024-09-29 04:51:25.144 [info] fatal: ref refs/remotes/origin/HEAD is not a symbolic ref
2024-09-29 04:51:30.142 [info] > git config --get commit.template [5ms]
2024-09-29 04:51:30.143 [info] > git for-each-ref --format=%(refname)%00%(upstream:short)%00%(objectname)%00%(upstream:track)%00%(upstream:remotename)%00%(upstream:remoteref) refs/heads/master refs/remotes/master [2ms]
2024-09-29 04:51:30.180 [info] > git status -z -uall [33ms]
2024-09-29 04:51:30.185 [info] > git for-each-ref --format=%(refname)%00%(upstream:short)%00%(objectname)%00%(upstream:track)%00%(upstream:remotename)%00%(upstream:remoteref) refs/heads/master refs/remotes/master [2ms]
2024-09-29 04:51:30.191 [info] > git config --local branch.master.vscode-merge-base [2ms]
2024-09-29 04:51:30.191 [warning] [Git][config] git config failed: Failed to execute git
2024-09-29 04:51:30.196 [info] > git reflog master --grep-reflog=branch: Created from *. [2ms]
2024-09-29 04:51:30.200 [info] > git symbolic-ref --short refs/remotes/origin/HEAD [1ms]
2024-09-29 04:51:30.200 [info] fatal: ref refs/remotes/origin/HEAD is not a symbolic ref
2024-09-29 04:51:35.193 [info] > git config --get commit.template [4ms]
2024-09-29 04:51:35.195 [info] > git for-each-ref --format=%(refname)%00%(upstream:short)%00%(objectname)%00%(upstream:track)%00%(upstream:remotename)%00%(upstream:remoteref) refs/heads/master refs/remotes/master [2ms]
2024-09-29 04:51:35.228 [info] > git status -z -uall [30ms]
2024-09-29 04:51:35.235 [info] > git for-each-ref --format=%(refname)%00%(upstream:short)%00%(objectname)%00%(upstream:track)%00%(upstream:remotename)%00%(upstream:remoteref) refs/heads/master refs/remotes/master [4ms]
2024-09-29 04:51:35.239 [info] > git config --local branch.master.vscode-merge-base [2ms]
2024-09-29 04:51:35.239 [warning] [Git][config] git config failed: Failed to execute git
2024-09-29 04:51:35.244 [info] > git reflog master --grep-reflog=branch: Created from *. [2ms]
2024-09-29 04:51:35.248 [info] > git symbolic-ref --short refs/remotes/origin/HEAD [2ms]
2024-09-29 04:51:35.248 [info] fatal: ref refs/remotes/origin/HEAD is not a symbolic ref
2024-09-29 04:51:40.243 [info] > git config --get commit.template [5ms]
2024-09-29 04:51:40.244 [info] > git for-each-ref --format=%(refname)%00%(upstream:short)%00%(objectname)%00%(upstream:track)%00%(upstream:remotename)%00%(upstream:remoteref) refs/heads/master refs/remotes/master [3ms]
2024-09-29 04:51:40.279 [info] > git status -z -uall [32ms]
2024-09-29 04:51:40.283 [info] > git for-each-ref --format=%(refname)%00%(upstream:short)%00%(objectname)%00%(upstream:track)%00%(upstream:remotename)%00%(upstream:remoteref) refs/heads/master refs/remotes/master [2ms]
2024-09-29 04:51:40.289 [info] > git config --local branch.master.vscode-merge-base [2ms]
2024-09-29 04:51:40.289 [warning] [Git][config] git config failed: Failed to execute git
2024-09-29 04:51:40.294 [info] > git reflog master --grep-reflog=branch: Created from *. [2ms]
2024-09-29 04:51:40.298 [info] > git symbolic-ref --short refs/remotes/origin/HEAD [2ms]
2024-09-29 04:51:40.298 [info] fatal: ref refs/remotes/origin/HEAD is not a symbolic ref
2024-09-29 04:51:45.297 [info] > git config --get commit.template [7ms]
2024-09-29 04:51:45.298 [info] > git for-each-ref --format=%(refname)%00%(upstream:short)%00%(objectname)%00%(upstream:track)%00%(upstream:remotename)%00%(upstream:remoteref) refs/heads/master refs/remotes/master [2ms]
2024-09-29 04:51:45.333 [info] > git status -z -uall [31ms]
2024-09-29 04:51:45.337 [info] > git for-each-ref --format=%(refname)%00%(upstream:short)%00%(objectname)%00%(upstream:track)%00%(upstream:remotename)%00%(upstream:remoteref) refs/heads/master refs/remotes/master [2ms]
2024-09-29 04:51:45.342 [info] > git config --local branch.master.vscode-merge-base [2ms]
2024-09-29 04:51:45.342 [warning] [Git][config] git config failed: Failed to execute git
2024-09-29 04:51:45.347 [info] > git reflog master --grep-reflog=branch: Created from *. [3ms]
2024-09-29 04:51:45.351 [info] > git symbolic-ref --short refs/remotes/origin/HEAD [2ms]
2024-09-29 04:51:45.351 [info] fatal: ref refs/remotes/origin/HEAD is not a symbolic ref
2024-09-29 04:51:50.350 [info] > git config --get commit.template [5ms]
2024-09-29 04:51:50.351 [info] > git for-each-ref --format=%(refname)%00%(upstream:short)%00%(objectname)%00%(upstream:track)%00%(upstream:remotename)%00%(upstream:remoteref) refs/heads/master refs/remotes/master [2ms]
2024-09-29 04:51:50.387 [info] > git status -z -uall [32ms]
2024-09-29 04:51:50.392 [info] > git for-each-ref --format=%(refname)%00%(upstream:short)%00%(objectname)%00%(upstream:track)%00%(upstream:remotename)%00%(upstream:remoteref) refs/heads/master refs/remotes/master [2ms]
2024-09-29 04:51:50.405 [info] > git config --local branch.master.vscode-merge-base [10ms]
2024-09-29 04:51:50.405 [warning] [Git][config] git config failed: Failed to execute git
2024-09-29 04:51:50.409 [info] > git reflog master --grep-reflog=branch: Created from *. [2ms]
2024-09-29 04:51:50.413 [info] > git symbolic-ref --short refs/remotes/origin/HEAD [1ms]
2024-09-29 04:51:50.413 [info] fatal: ref refs/remotes/origin/HEAD is not a symbolic ref
2024-09-29 04:51:55.402 [info] > git config --get commit.template [4ms]
2024-09-29 04:51:55.403 [info] > git for-each-ref --format=%(refname)%00%(upstream:short)%00%(objectname)%00%(upstream:track)%00%(upstream:remotename)%00%(upstream:remoteref) refs/heads/master refs/remotes/master [2ms]
2024-09-29 04:51:55.462 [info] > git status -z -uall [56ms]
2024-09-29 04:51:55.468 [info] > git for-each-ref --format=%(refname)%00%(upstream:short)%00%(objectname)%00%(upstream:track)%00%(upstream:remotename)%00%(upstream:remoteref) refs/heads/master refs/remotes/master [2ms]
2024-09-29 04:51:55.472 [info] > git config --local branch.master.vscode-merge-base [2ms]
2024-09-29 04:51:55.473 [warning] [Git][config] git config failed: Failed to execute git
2024-09-29 04:51:55.477 [info] > git reflog master --grep-reflog=branch: Created from *. [2ms]
2024-09-29 04:51:55.481 [info] > git symbolic-ref --short refs/remotes/origin/HEAD [2ms]
2024-09-29 04:51:55.481 [info] fatal: ref refs/remotes/origin/HEAD is not a symbolic ref
2024-09-29 04:52:00.484 [info] > git config --get commit.template [5ms]
2024-09-29 04:52:00.485 [info] > git for-each-ref --format=%(refname)%00%(upstream:short)%00%(objectname)%00%(upstream:track)%00%(upstream:remotename)%00%(upstream:remoteref) refs/heads/master refs/remotes/master [2ms]
2024-09-29 04:52:00.518 [info] > git status -z -uall [29ms]
2024-09-29 04:52:00.522 [info] > git for-each-ref --format=%(refname)%00%(upstream:short)%00%(objectname)%00%(upstream:track)%00%(upstream:remotename)%00%(upstream:remoteref) refs/heads/master refs/remotes/master [2ms]
2024-09-29 04:52:00.527 [info] > git config --local branch.master.vscode-merge-base [2ms]
2024-09-29 04:52:00.527 [warning] [Git][config] git config failed: Failed to execute git
2024-09-29 04:52:00.533 [info] > git reflog master --grep-reflog=branch: Created from *. [2ms]
2024-09-29 04:52:00.537 [info] > git symbolic-ref --short refs/remotes/origin/HEAD [1ms]
2024-09-29 04:52:00.537 [info] fatal: ref refs/remotes/origin/HEAD is not a symbolic ref
2024-09-29 04:52:05.533 [info] > git config --get commit.template [5ms]
2024-09-29 04:52:05.535 [info] > git for-each-ref --format=%(refname)%00%(upstream:short)%00%(objectname)%00%(upstream:track)%00%(upstream:remotename)%00%(upstream:remoteref) refs/heads/master refs/remotes/master [3ms]
2024-09-29 04:52:05.589 [info] > git status -z -uall [50ms]
2024-09-29 04:52:05.593 [info] > git for-each-ref --format=%(refname)%00%(upstream:short)%00%(objectname)%00%(upstream:track)%00%(upstream:remotename)%00%(upstream:remoteref) refs/heads/master refs/remotes/master [2ms]
2024-09-29 04:52:05.598 [info] > git config --local branch.master.vscode-merge-base [3ms]
2024-09-29 04:52:05.598 [warning] [Git][config] git config failed: Failed to execute git
2024-09-29 04:52:05.602 [info] > git reflog master --grep-reflog=branch: Created from *. [2ms]
2024-09-29 04:52:05.607 [info] > git symbolic-ref --short refs/remotes/origin/HEAD [1ms]
2024-09-29 04:52:05.607 [info] fatal: ref refs/remotes/origin/HEAD is not a symbolic ref
2024-09-29 04:52:10.607 [info] > git config --get commit.template [5ms]
2024-09-29 04:52:10.609 [info] > git for-each-ref --format=%(refname)%00%(upstream:short)%00%(objectname)%00%(upstream:track)%00%(upstream:remotename)%00%(upstream:remoteref) refs/heads/master refs/remotes/master [2ms]
2024-09-29 04:52:10.642 [info] > git status -z -uall [30ms]
2024-09-29 04:52:10.647 [info] > git for-each-ref --format=%(refname)%00%(upstream:short)%00%(objectname)%00%(upstream:track)%00%(upstream:remotename)%00%(upstream:remoteref) refs/heads/master refs/remotes/master [3ms]
2024-09-29 04:52:10.652 [info] > git config --local branch.master.vscode-merge-base [2ms]
2024-09-29 04:52:10.652 [warning] [Git][config] git config failed: Failed to execute git
2024-09-29 04:52:10.657 [info] > git reflog master --grep-reflog=branch: Created from *. [3ms]
2024-09-29 04:52:10.661 [info] > git symbolic-ref --short refs/remotes/origin/HEAD [2ms]
2024-09-29 04:52:10.661 [info] fatal: ref refs/remotes/origin/HEAD is not a symbolic ref
2024-09-29 04:52:15.658 [info] > git config --get commit.template [5ms]
2024-09-29 04:52:15.659 [info] > git for-each-ref --format=%(refname)%00%(upstream:short)%00%(objectname)%00%(upstream:track)%00%(upstream:remotename)%00%(upstream:remoteref) refs/heads/master refs/remotes/master [2ms]
2024-09-29 04:52:15.693 [info] > git status -z -uall [31ms]
2024-09-29 04:52:15.698 [info] > git for-each-ref --format=%(refname)%00%(upstream:short)%00%(objectname)%00%(upstream:track)%00%(upstream:remotename)%00%(upstream:remoteref) refs/heads/master refs/remotes/master [2ms]
2024-09-29 04:52:15.702 [info] > git config --local branch.master.vscode-merge-base [2ms]
2024-09-29 04:52:15.702 [warning] [Git][config] git config failed: Failed to execute git
2024-09-29 04:52:15.706 [info] > git reflog master --grep-reflog=branch: Created from *. [2ms]
2024-09-29 04:52:15.710 [info] > git symbolic-ref --short refs/remotes/origin/HEAD [2ms]
2024-09-29 04:52:15.710 [info] fatal: ref refs/remotes/origin/HEAD is not a symbolic ref
2024-09-29 04:52:20.704 [info] > git config --get commit.template [2ms]
2024-09-29 04:52:20.705 [info] > git for-each-ref --format=%(refname)%00%(upstream:short)%00%(objectname)%00%(upstream:track)%00%(upstream:remotename)%00%(upstream:remoteref) refs/heads/master refs/remotes/master [2ms]
2024-09-29 04:52:20.743 [info] > git status -z -uall [35ms]
2024-09-29 04:52:20.747 [info] > git for-each-ref --format=%(refname)%00%(upstream:short)%00%(objectname)%00%(upstream:track)%00%(upstream:remotename)%00%(upstream:remoteref) refs/heads/master refs/remotes/master [1ms]
2024-09-29 04:52:20.752 [info] > git config --local branch.master.vscode-merge-base [2ms]
2024-09-29 04:52:20.752 [warning] [Git][config] git config failed: Failed to execute git
2024-09-29 04:52:20.756 [info] > git reflog master --grep-reflog=branch: Created from *. [2ms]
2024-09-29 04:52:20.760 [info] > git symbolic-ref --short refs/remotes/origin/HEAD [2ms]
2024-09-29 04:52:20.760 [info] fatal: ref refs/remotes/origin/HEAD is not a symbolic ref
2024-09-29 04:52:25.761 [info] > git config --get commit.template [7ms]
2024-09-29 04:52:25.763 [info] > git for-each-ref --format=%(refname)%00%(upstream:short)%00%(objectname)%00%(upstream:track)%00%(upstream:remotename)%00%(upstream:remoteref) refs/heads/master refs/remotes/master [3ms]
2024-09-29 04:52:25.808 [info] > git status -z -uall [41ms]
2024-09-29 04:52:25.813 [info] > git for-each-ref --format=%(refname)%00%(upstream:short)%00%(objectname)%00%(upstream:track)%00%(upstream:remotename)%00%(upstream:remoteref) refs/heads/master refs/remotes/master [2ms]
2024-09-29 04:52:25.819 [info] > git config --local branch.master.vscode-merge-base [2ms]
2024-09-29 04:52:25.819 [warning] [Git][config] git config failed: Failed to execute git
2024-09-29 04:52:25.823 [info] > git reflog master --grep-reflog=branch: Created from *. [2ms]
2024-09-29 04:52:25.827 [info] > git symbolic-ref --short refs/remotes/origin/HEAD [2ms]
2024-09-29 04:52:25.827 [info] fatal: ref refs/remotes/origin/HEAD is not a symbolic ref
2024-09-29 04:52:30.820 [info] > git config --get commit.template [3ms]
2024-09-29 04:52:30.821 [info] > git for-each-ref --format=%(refname)%00%(upstream:short)%00%(objectname)%00%(upstream:track)%00%(upstream:remotename)%00%(upstream:remoteref) refs/heads/master refs/remotes/master [1ms]
2024-09-29 04:52:30.853 [info] > git status -z -uall [29ms]
2024-09-29 04:52:30.858 [info] > git for-each-ref --format=%(refname)%00%(upstream:short)%00%(objectname)%00%(upstream:track)%00%(upstream:remotename)%00%(upstream:remoteref) refs/heads/master refs/remotes/master [3ms]
2024-09-29 04:52:30.862 [info] > git config --local branch.master.vscode-merge-base [1ms]
2024-09-29 04:52:30.862 [warning] [Git][config] git config failed: Failed to execute git
2024-09-29 04:52:30.868 [info] > git reflog master --grep-reflog=branch: Created from *. [2ms]
2024-09-29 04:52:30.873 [info] > git symbolic-ref --short refs/remotes/origin/HEAD [2ms]
2024-09-29 04:52:30.873 [info] fatal: ref refs/remotes/origin/HEAD is not a symbolic ref
2024-09-29 04:52:35.872 [info] > git config --get commit.template [5ms]
2024-09-29 04:52:35.873 [info] > git for-each-ref --format=%(refname)%00%(upstream:short)%00%(objectname)%00%(upstream:track)%00%(upstream:remotename)%00%(upstream:remoteref) refs/heads/master refs/remotes/master [3ms]
2024-09-29 04:52:35.906 [info] > git status -z -uall [29ms]
2024-09-29 04:52:35.912 [info] > git for-each-ref --format=%(refname)%00%(upstream:short)%00%(objectname)%00%(upstream:track)%00%(upstream:remotename)%00%(upstream:remoteref) refs/heads/master refs/remotes/master [2ms]
2024-09-29 04:52:35.915 [info] > git config --local branch.master.vscode-merge-base [1ms]
2024-09-29 04:52:35.915 [warning] [Git][config] git config failed: Failed to execute git
2024-09-29 04:52:35.919 [info] > git reflog master --grep-reflog=branch: Created from *. [2ms]
2024-09-29 04:52:35.923 [info] > git symbolic-ref --short refs/remotes/origin/HEAD [2ms]
2024-09-29 04:52:35.923 [info] fatal: ref refs/remotes/origin/HEAD is not a symbolic ref
2024-09-29 04:52:40.935 [info] > git config --get commit.template [19ms]
2024-09-29 04:52:40.935 [info] > git for-each-ref --format=%(refname)%00%(upstream:short)%00%(objectname)%00%(upstream:track)%00%(upstream:remotename)%00%(upstream:remoteref) refs/heads/master refs/remotes/master [11ms]
2024-09-29 04:52:40.976 [info] > git status -z -uall [38ms]
2024-09-29 04:52:40.981 [info] > git for-each-ref --format=%(refname)%00%(upstream:short)%00%(objectname)%00%(upstream:track)%00%(upstream:remotename)%00%(upstream:remoteref) refs/heads/master refs/remotes/master [2ms]
2024-09-29 04:52:40.986 [info] > git config --local branch.master.vscode-merge-base [2ms]
2024-09-29 04:52:40.986 [warning] [Git][config] git config failed: Failed to execute git
2024-09-29 04:52:40.991 [info] > git reflog master --grep-reflog=branch: Created from *. [2ms]
2024-09-29 04:52:40.995 [info] > git symbolic-ref --short refs/remotes/origin/HEAD [2ms]
2024-09-29 04:52:40.995 [info] fatal: ref refs/remotes/origin/HEAD is not a symbolic ref
2024-09-29 04:52:45.988 [info] > git config --get commit.template [3ms]
2024-09-29 04:52:45.990 [info] > git for-each-ref --format=%(refname)%00%(upstream:short)%00%(objectname)%00%(upstream:track)%00%(upstream:remotename)%00%(upstream:remoteref) refs/heads/master refs/remotes/master [2ms]
2024-09-29 04:52:46.022 [info] > git status -z -uall [29ms]
2024-09-29 04:52:46.027 [info] > git for-each-ref --format=%(refname)%00%(upstream:short)%00%(objectname)%00%(upstream:track)%00%(upstream:remotename)%00%(upstream:remoteref) refs/heads/master refs/remotes/master [2ms]
2024-09-29 04:52:46.033 [info] > git config --local branch.master.vscode-merge-base [3ms]
2024-09-29 04:52:46.033 [warning] [Git][config] git config failed: Failed to execute git
2024-09-29 04:52:46.038 [info] > git reflog master --grep-reflog=branch: Created from *. [2ms]
2024-09-29 04:52:46.042 [info] > git symbolic-ref --short refs/remotes/origin/HEAD [1ms]
2024-09-29 04:52:46.042 [info] fatal: ref refs/remotes/origin/HEAD is not a symbolic ref
2024-09-29 04:52:51.038 [info] > git config --get commit.template [5ms]
2024-09-29 04:52:51.040 [info] > git for-each-ref --format=%(refname)%00%(upstream:short)%00%(objectname)%00%(upstream:track)%00%(upstream:remotename)%00%(upstream:remoteref) refs/heads/master refs/remotes/master [2ms]
2024-09-29 04:52:51.072 [info] > git status -z -uall [30ms]
2024-09-29 04:52:51.078 [info] > git for-each-ref --format=%(refname)%00%(upstream:short)%00%(objectname)%00%(upstream:track)%00%(upstream:remotename)%00%(upstream:remoteref) refs/heads/master refs/remotes/master [3ms]
2024-09-29 04:52:51.081 [info] > git config --local branch.master.vscode-merge-base [1ms]
2024-09-29 04:52:51.082 [warning] [Git][config] git config failed: Failed to execute git
2024-09-29 04:52:51.095 [info] > git reflog master --grep-reflog=branch: Created from *. [11ms]
2024-09-29 04:52:51.099 [info] > git symbolic-ref --short refs/remotes/origin/HEAD [1ms]
2024-09-29 04:52:51.099 [info] fatal: ref refs/remotes/origin/HEAD is not a symbolic ref
2024-09-29 04:52:56.098 [info] > git config --get commit.template [15ms]
2024-09-29 04:52:56.098 [info] > git for-each-ref --format=%(refname)%00%(upstream:short)%00%(objectname)%00%(upstream:track)%00%(upstream:remotename)%00%(upstream:remoteref) refs/heads/master refs/remotes/master [12ms]
2024-09-29 04:52:56.132 [info] > git status -z -uall [29ms]
2024-09-29 04:52:56.137 [info] > git for-each-ref --format=%(refname)%00%(upstream:short)%00%(objectname)%00%(upstream:track)%00%(upstream:remotename)%00%(upstream:remoteref) refs/heads/master refs/remotes/master [2ms]
2024-09-29 04:52:56.142 [info] > git config --local branch.master.vscode-merge-base [2ms]
2024-09-29 04:52:56.142 [warning] [Git][config] git config failed: Failed to execute git
2024-09-29 04:52:56.146 [info] > git reflog master --grep-reflog=branch: Created from *. [2ms]
2024-09-29 04:52:56.150 [info] > git symbolic-ref --short refs/remotes/origin/HEAD [1ms]
2024-09-29 04:52:56.150 [info] fatal: ref refs/remotes/origin/HEAD is not a symbolic ref
2024-09-29 04:53:01.158 [info] > git config --get commit.template [16ms]
2024-09-29 04:53:01.160 [info] > git for-each-ref --format=%(refname)%00%(upstream:short)%00%(objectname)%00%(upstream:track)%00%(upstream:remotename)%00%(upstream:remoteref) refs/heads/master refs/remotes/master [3ms]
2024-09-29 04:53:01.203 [info] > git status -z -uall [38ms]
2024-09-29 04:53:01.209 [info] > git for-each-ref --format=%(refname)%00%(upstream:short)%00%(objectname)%00%(upstream:track)%00%(upstream:remotename)%00%(upstream:remoteref) refs/heads/master refs/remotes/master [1ms]
2024-09-29 04:53:01.213 [info] > git config --local branch.master.vscode-merge-base [2ms]
2024-09-29 04:53:01.214 [warning] [Git][config] git config failed: Failed to execute git
2024-09-29 04:53:01.218 [info] > git reflog master --grep-reflog=branch: Created from *. [2ms]
2024-09-29 04:53:01.222 [info] > git symbolic-ref --short refs/remotes/origin/HEAD [1ms]
2024-09-29 04:53:01.222 [info] fatal: ref refs/remotes/origin/HEAD is not a symbolic ref
2024-09-29 04:53:06.217 [info] > git config --get commit.template [3ms]
2024-09-29 04:53:06.218 [info] > git for-each-ref --format=%(refname)%00%(upstream:short)%00%(objectname)%00%(upstream:track)%00%(upstream:remotename)%00%(upstream:remoteref) refs/heads/master refs/remotes/master [2ms]
2024-09-29 04:53:06.260 [info] > git status -z -uall [39ms]
2024-09-29 04:53:06.265 [info] > git for-each-ref --format=%(refname)%00%(upstream:short)%00%(objectname)%00%(upstream:track)%00%(upstream:remotename)%00%(upstream:remoteref) refs/heads/master refs/remotes/master [3ms]
2024-09-29 04:53:06.270 [info] > git config --local branch.master.vscode-merge-base [2ms]
2024-09-29 04:53:06.270 [warning] [Git][config] git config failed: Failed to execute git
2024-09-29 04:53:06.274 [info] > git reflog master --grep-reflog=branch: Created from *. [2ms]
2024-09-29 04:53:06.278 [info] > git symbolic-ref --short refs/remotes/origin/HEAD [2ms]
2024-09-29 04:53:06.278 [info] fatal: ref refs/remotes/origin/HEAD is not a symbolic ref
2024-09-29 04:53:11.272 [info] > git config --get commit.template [3ms]
2024-09-29 04:53:11.273 [info] > git for-each-ref --format=%(refname)%00%(upstream:short)%00%(objectname)%00%(upstream:track)%00%(upstream:remotename)%00%(upstream:remoteref) refs/heads/master refs/remotes/master [2ms]
2024-09-29 04:53:11.328 [info] > git status -z -uall [52ms]
2024-09-29 04:53:11.333 [info] > git for-each-ref --format=%(refname)%00%(upstream:short)%00%(objectname)%00%(upstream:track)%00%(upstream:remotename)%00%(upstream:remoteref) refs/heads/master refs/remotes/master [2ms]
2024-09-29 04:53:11.337 [info] > git config --local branch.master.vscode-merge-base [2ms]
2024-09-29 04:53:11.337 [warning] [Git][config] git config failed: Failed to execute git
2024-09-29 04:53:11.342 [info] > git reflog master --grep-reflog=branch: Created from *. [2ms]
2024-09-29 04:53:11.346 [info] > git symbolic-ref --short refs/remotes/origin/HEAD [1ms]
2024-09-29 04:53:11.346 [info] fatal: ref refs/remotes/origin/HEAD is not a symbolic ref
2024-09-29 04:57:14.565 [info] > git config --get commit.template [15ms]
2024-09-29 04:57:14.568 [info] > git for-each-ref --format=%(refname)%00%(upstream:short)%00%(objectname)%00%(upstream:track)%00%(upstream:remotename)%00%(upstream:remoteref) refs/heads/master refs/remotes/master [15ms]
2024-09-29 04:57:14.757 [info] > git status -z -uall [183ms]
2024-09-29 04:57:14.783 [info] > git for-each-ref --format=%(refname)%00%(upstream:short)%00%(objectname)%00%(upstream:track)%00%(upstream:remotename)%00%(upstream:remoteref) refs/heads/master refs/remotes/master [11ms]
2024-09-29 04:57:14.798 [info] > git config --local branch.master.vscode-merge-base [6ms]
2024-09-29 04:57:14.798 [warning] [Git][config] git config failed: Failed to execute git
2024-09-29 04:57:14.806 [info] > git reflog master --grep-reflog=branch: Created from *. [4ms]
2024-09-29 04:57:14.810 [info] > git symbolic-ref --short refs/remotes/origin/HEAD [2ms]
2024-09-29 04:57:14.810 [info] fatal: ref refs/remotes/origin/HEAD is not a symbolic ref
2024-09-29 05:42:50.365 [info] > git config --get commit.template [27ms]
2024-09-29 05:42:50.370 [info] > git for-each-ref --format=%(refname)%00%(upstream:short)%00%(objectname)%00%(upstream:track)%00%(upstream:remotename)%00%(upstream:remoteref) refs/heads/master refs/remotes/master [27ms]
2024-09-29 05:42:50.653 [info] > git status -z -uall [272ms]
2024-09-29 05:42:50.670 [info] > git for-each-ref --format=%(refname)%00%(upstream:short)%00%(objectname)%00%(upstream:track)%00%(upstream:remotename)%00%(upstream:remoteref) refs/heads/master refs/remotes/master [6ms]
2024-09-29 05:42:50.680 [info] > git config --local branch.master.vscode-merge-base [5ms]
2024-09-29 05:42:50.680 [warning] [Git][config] git config failed: Failed to execute git
2024-09-29 05:42:50.690 [info] > git reflog master --grep-reflog=branch: Created from *. [4ms]
2024-09-29 05:42:50.700 [info] > git symbolic-ref --short refs/remotes/origin/HEAD [3ms]
2024-09-29 05:42:50.700 [info] fatal: ref refs/remotes/origin/HEAD is not a symbolic ref
2024-09-29 05:43:40.484 [info] > git config --get commit.template [8ms]
2024-09-29 05:43:40.487 [info] > git for-each-ref --format=%(refname)%00%(upstream:short)%00%(objectname)%00%(upstream:track)%00%(upstream:remotename)%00%(upstream:remoteref) refs/heads/master refs/remotes/master [4ms]
2024-09-29 05:57:52.781 [info] > git status -z -uall [852277ms]
2024-09-29 05:57:52.844 [info] > git for-each-ref --format=%(refname)%00%(upstream:short)%00%(objectname)%00%(upstream:track)%00%(upstream:remotename)%00%(upstream:remoteref) refs/heads/master refs/remotes/master [5ms]
2024-09-29 05:57:52.854 [info] > git config --local branch.master.vscode-merge-base [2ms]
2024-09-29 05:57:52.854 [warning] [Git][config] git config failed: Failed to execute git
2024-09-29 05:57:52.863 [info] > git reflog master --grep-reflog=branch: Created from *. [5ms]
2024-09-29 05:57:52.876 [info] > git symbolic-ref --short refs/remotes/origin/HEAD [8ms]
2024-09-29 05:57:52.876 [info] fatal: ref refs/remotes/origin/HEAD is not a symbolic ref
